{"/Users/philihp/work/hathora-et-labora/game/src/reducer.ts": {"path":"/Users/philihp/work/hathora-et-labora/game/src/reducer.ts","statementMap":{"0":{"start":{"line":1,"column":0},"end":{"line":1,"column":37}},"1":{"start":{"line":2,"column":0},"end":{"line":2,"column":40}},"2":{"start":{"line":3,"column":0},"end":{"line":3,"column":42}},"3":{"start":{"line":4,"column":0},"end":{"line":4,"column":42}},"4":{"start":{"line":5,"column":0},"end":{"line":5,"column":44}},"5":{"start":{"line":6,"column":0},"end":{"line":6,"column":44}},"6":{"start":{"line":7,"column":0},"end":{"line":7,"column":48}},"7":{"start":{"line":8,"column":0},"end":{"line":8,"column":40}},"8":{"start":{"line":9,"column":0},"end":{"line":9,"column":36}},"9":{"start":{"line":10,"column":0},"end":{"line":10,"column":null}},"10":{"start":{"line":23,"column":0},"end":{"line":23,"column":53}},"11":{"start":{"line":25,"column":13},"end":{"line":28,"column":null}},"12":{"start":{"line":30,"column":15},"end":{"line":30,"column":95}},"13":{"start":{"line":32,"column":32},"end":{"line":104,"column":6}},"14":{"start":{"line":33,"column":2},"end":{"line":104,"column":6}},"15":{"start":{"line":37,"column":8},"end":{"line":41,"column":10}},"16":{"start":{"line":49,"column":21},"end":{"line":49,"column":54}},"17":{"start":{"line":50,"column":8},"end":{"line":50,"column":null}},"18":{"start":{"line":50,"column":32},"end":{"line":50,"column":null}},"19":{"start":{"line":51,"column":8},"end":{"line":54,"column":null}},"20":{"start":{"line":61,"column":8},"end":{"line":65,"column":37}},"21":{"start":{"line":71,"column":8},"end":{"line":75,"column":37}},"22":{"start":{"line":78,"column":6},"end":{"line":82,"column":35}},"23":{"start":{"line":95,"column":8},"end":{"line":95,"column":null}},"24":{"start":{"line":99,"column":6},"end":{"line":99,"column":71}},"25":{"start":{"line":101,"column":42},"end":{"line":101,"column":75}},"26":{"start":{"line":103,"column":6},"end":{"line":103,"column":null}},"27":{"start":{"line":32,"column":13},"end":{"line":32,"column":32}}},"fnMap":{"0":{"name":"(anonymous_0)","decl":{"start":{"line":32,"column":32},"end":{"line":32,"column":33}},"loc":{"start":{"line":33,"column":2},"end":{"line":104,"column":6}}},"1":{"name":"(anonymous_1)","decl":{"start":{"line":36,"column":6},"end":{"line":36,"column":7}},"loc":{"start":{"line":37,"column":8},"end":{"line":41,"column":10}}},"2":{"name":"(anonymous_2)","decl":{"start":{"line":48,"column":6},"end":{"line":48,"column":7}},"loc":{"start":{"line":48,"column":39},"end":{"line":55,"column":7}}},"3":{"name":"(anonymous_3)","decl":{"start":{"line":60,"column":6},"end":{"line":60,"column":7}},"loc":{"start":{"line":61,"column":8},"end":{"line":65,"column":37}}},"4":{"name":"(anonymous_4)","decl":{"start":{"line":70,"column":6},"end":{"line":70,"column":7}},"loc":{"start":{"line":71,"column":8},"end":{"line":75,"column":37}}},"5":{"name":"(anonymous_5)","decl":{"start":{"line":77,"column":65},"end":{"line":77,"column":66}},"loc":{"start":{"line":78,"column":6},"end":{"line":82,"column":35}}},"6":{"name":"(anonymous_6)","decl":{"start":{"line":94,"column":6},"end":{"line":94,"column":7}},"loc":{"start":{"line":94,"column":42},"end":{"line":96,"column":7}}},"7":{"name":"(anonymous_7)","decl":{"start":{"line":98,"column":60},"end":{"line":98,"column":61}},"loc":{"start":{"line":99,"column":6},"end":{"line":99,"column":71}}},"8":{"name":"(anonymous_8)","decl":{"start":{"line":101,"column":36},"end":{"line":101,"column":39}},"loc":{"start":{"line":101,"column":42},"end":{"line":101,"column":75}}},"9":{"name":"(anonymous_9)","decl":{"start":{"line":102,"column":15},"end":{"line":102,"column":16}},"loc":{"start":{"line":102,"column":27},"end":{"line":104,"column":5}}}},"branchMap":{"0":{"loc":{"start":{"line":50,"column":8},"end":{"line":50,"column":null}},"type":"if","locations":[{"start":{"line":50,"column":8},"end":{"line":50,"column":null}}]}},"s":{"0":8,"1":8,"2":8,"3":8,"4":8,"5":8,"6":8,"7":8,"8":8,"9":8,"10":8,"11":8,"12":8,"13":8,"14":6,"15":2,"16":2,"17":2,"18":0,"19":2,"20":0,"21":0,"22":0,"23":2,"24":0,"25":0,"26":0,"27":8},"f":{"0":6,"1":2,"2":2,"3":0,"4":0,"5":0,"6":2,"7":0,"8":0,"9":0},"b":{"0":[0]}}
,"/Users/philihp/work/hathora-et-labora/game/src/types.ts": {"path":"/Users/philihp/work/hathora-et-labora/game/src/types.ts","statementMap":{"0":{"start":{"line":3,"column":0},"end":{"line":3,"column":null}},"1":{"start":{"line":4,"column":2},"end":{"line":4,"column":null}},"2":{"start":{"line":5,"column":2},"end":{"line":5,"column":null}},"3":{"start":{"line":6,"column":2},"end":{"line":6,"column":null}},"4":{"start":{"line":7,"column":2},"end":{"line":7,"column":null}},"5":{"start":{"line":8,"column":2},"end":{"line":8,"column":null}},"6":{"start":{"line":9,"column":2},"end":{"line":9,"column":null}},"7":{"start":{"line":10,"column":2},"end":{"line":10,"column":null}},"8":{"start":{"line":11,"column":2},"end":{"line":11,"column":null}},"9":{"start":{"line":24,"column":0},"end":{"line":24,"column":null}},"10":{"start":{"line":25,"column":2},"end":{"line":25,"column":null}},"11":{"start":{"line":26,"column":2},"end":{"line":26,"column":null}},"12":{"start":{"line":27,"column":2},"end":{"line":27,"column":null}},"13":{"start":{"line":28,"column":2},"end":{"line":28,"column":null}},"14":{"start":{"line":36,"column":0},"end":{"line":36,"column":null}},"15":{"start":{"line":37,"column":2},"end":{"line":37,"column":null}},"16":{"start":{"line":38,"column":2},"end":{"line":38,"column":null}},"17":{"start":{"line":39,"column":2},"end":{"line":39,"column":null}},"18":{"start":{"line":42,"column":0},"end":{"line":42,"column":null}},"19":{"start":{"line":43,"column":2},"end":{"line":43,"column":null}},"20":{"start":{"line":44,"column":2},"end":{"line":44,"column":null}},"21":{"start":{"line":45,"column":2},"end":{"line":45,"column":null}},"22":{"start":{"line":46,"column":2},"end":{"line":46,"column":null}},"23":{"start":{"line":47,"column":2},"end":{"line":47,"column":null}},"24":{"start":{"line":48,"column":2},"end":{"line":48,"column":null}},"25":{"start":{"line":49,"column":2},"end":{"line":49,"column":null}},"26":{"start":{"line":52,"column":0},"end":{"line":52,"column":null}},"27":{"start":{"line":53,"column":2},"end":{"line":53,"column":null}},"28":{"start":{"line":54,"column":2},"end":{"line":54,"column":null}},"29":{"start":{"line":55,"column":2},"end":{"line":55,"column":null}},"30":{"start":{"line":56,"column":2},"end":{"line":56,"column":null}},"31":{"start":{"line":57,"column":2},"end":{"line":57,"column":null}},"32":{"start":{"line":60,"column":0},"end":{"line":60,"column":null}},"33":{"start":{"line":61,"column":2},"end":{"line":61,"column":null}},"34":{"start":{"line":62,"column":2},"end":{"line":62,"column":null}},"35":{"start":{"line":63,"column":2},"end":{"line":63,"column":null}},"36":{"start":{"line":64,"column":2},"end":{"line":64,"column":null}},"37":{"start":{"line":65,"column":2},"end":{"line":65,"column":null}},"38":{"start":{"line":66,"column":2},"end":{"line":66,"column":null}},"39":{"start":{"line":67,"column":2},"end":{"line":67,"column":null}},"40":{"start":{"line":68,"column":2},"end":{"line":68,"column":null}},"41":{"start":{"line":69,"column":2},"end":{"line":69,"column":null}},"42":{"start":{"line":70,"column":2},"end":{"line":70,"column":null}},"43":{"start":{"line":71,"column":2},"end":{"line":71,"column":null}},"44":{"start":{"line":72,"column":2},"end":{"line":72,"column":null}},"45":{"start":{"line":73,"column":2},"end":{"line":73,"column":null}},"46":{"start":{"line":74,"column":2},"end":{"line":74,"column":null}},"47":{"start":{"line":75,"column":2},"end":{"line":75,"column":null}},"48":{"start":{"line":76,"column":2},"end":{"line":76,"column":null}},"49":{"start":{"line":77,"column":2},"end":{"line":77,"column":null}},"50":{"start":{"line":78,"column":2},"end":{"line":78,"column":null}},"51":{"start":{"line":79,"column":2},"end":{"line":79,"column":null}},"52":{"start":{"line":80,"column":2},"end":{"line":80,"column":null}},"53":{"start":{"line":81,"column":2},"end":{"line":81,"column":null}},"54":{"start":{"line":82,"column":2},"end":{"line":82,"column":null}},"55":{"start":{"line":83,"column":2},"end":{"line":83,"column":null}},"56":{"start":{"line":84,"column":2},"end":{"line":84,"column":null}},"57":{"start":{"line":87,"column":0},"end":{"line":87,"column":null}},"58":{"start":{"line":88,"column":2},"end":{"line":88,"column":null}},"59":{"start":{"line":89,"column":2},"end":{"line":89,"column":null}},"60":{"start":{"line":90,"column":2},"end":{"line":90,"column":null}},"61":{"start":{"line":91,"column":2},"end":{"line":91,"column":null}},"62":{"start":{"line":92,"column":2},"end":{"line":92,"column":null}},"63":{"start":{"line":93,"column":2},"end":{"line":93,"column":null}},"64":{"start":{"line":94,"column":2},"end":{"line":94,"column":null}},"65":{"start":{"line":95,"column":2},"end":{"line":95,"column":null}},"66":{"start":{"line":96,"column":2},"end":{"line":96,"column":null}},"67":{"start":{"line":97,"column":2},"end":{"line":97,"column":null}},"68":{"start":{"line":98,"column":2},"end":{"line":98,"column":null}},"69":{"start":{"line":99,"column":2},"end":{"line":99,"column":null}},"70":{"start":{"line":100,"column":2},"end":{"line":100,"column":null}},"71":{"start":{"line":101,"column":2},"end":{"line":101,"column":null}},"72":{"start":{"line":102,"column":2},"end":{"line":102,"column":null}},"73":{"start":{"line":103,"column":2},"end":{"line":103,"column":null}},"74":{"start":{"line":104,"column":2},"end":{"line":104,"column":null}},"75":{"start":{"line":105,"column":2},"end":{"line":105,"column":null}},"76":{"start":{"line":106,"column":2},"end":{"line":106,"column":null}},"77":{"start":{"line":107,"column":2},"end":{"line":107,"column":null}},"78":{"start":{"line":108,"column":2},"end":{"line":108,"column":null}},"79":{"start":{"line":109,"column":2},"end":{"line":109,"column":null}},"80":{"start":{"line":110,"column":2},"end":{"line":110,"column":null}},"81":{"start":{"line":111,"column":2},"end":{"line":111,"column":null}},"82":{"start":{"line":112,"column":2},"end":{"line":112,"column":null}},"83":{"start":{"line":113,"column":2},"end":{"line":113,"column":null}},"84":{"start":{"line":114,"column":2},"end":{"line":114,"column":null}},"85":{"start":{"line":115,"column":2},"end":{"line":115,"column":null}},"86":{"start":{"line":116,"column":2},"end":{"line":116,"column":null}},"87":{"start":{"line":117,"column":2},"end":{"line":117,"column":null}},"88":{"start":{"line":118,"column":2},"end":{"line":118,"column":null}},"89":{"start":{"line":119,"column":2},"end":{"line":119,"column":null}},"90":{"start":{"line":122,"column":0},"end":{"line":122,"column":null}},"91":{"start":{"line":123,"column":2},"end":{"line":123,"column":null}},"92":{"start":{"line":124,"column":2},"end":{"line":124,"column":null}},"93":{"start":{"line":125,"column":2},"end":{"line":125,"column":null}},"94":{"start":{"line":126,"column":2},"end":{"line":126,"column":null}},"95":{"start":{"line":127,"column":2},"end":{"line":127,"column":null}},"96":{"start":{"line":128,"column":2},"end":{"line":128,"column":null}},"97":{"start":{"line":129,"column":2},"end":{"line":129,"column":null}},"98":{"start":{"line":130,"column":2},"end":{"line":130,"column":null}},"99":{"start":{"line":131,"column":2},"end":{"line":131,"column":null}},"100":{"start":{"line":132,"column":2},"end":{"line":132,"column":null}},"101":{"start":{"line":133,"column":2},"end":{"line":133,"column":null}},"102":{"start":{"line":134,"column":2},"end":{"line":134,"column":null}},"103":{"start":{"line":135,"column":2},"end":{"line":135,"column":null}},"104":{"start":{"line":136,"column":2},"end":{"line":136,"column":null}},"105":{"start":{"line":138,"column":2},"end":{"line":138,"column":null}},"106":{"start":{"line":139,"column":2},"end":{"line":139,"column":null}},"107":{"start":{"line":140,"column":2},"end":{"line":140,"column":null}},"108":{"start":{"line":141,"column":2},"end":{"line":141,"column":null}},"109":{"start":{"line":142,"column":2},"end":{"line":142,"column":null}},"110":{"start":{"line":143,"column":2},"end":{"line":143,"column":null}},"111":{"start":{"line":144,"column":2},"end":{"line":144,"column":null}},"112":{"start":{"line":145,"column":2},"end":{"line":145,"column":null}},"113":{"start":{"line":146,"column":2},"end":{"line":146,"column":null}},"114":{"start":{"line":147,"column":2},"end":{"line":147,"column":null}},"115":{"start":{"line":148,"column":2},"end":{"line":148,"column":null}},"116":{"start":{"line":149,"column":2},"end":{"line":149,"column":null}},"117":{"start":{"line":150,"column":2},"end":{"line":150,"column":null}},"118":{"start":{"line":151,"column":2},"end":{"line":151,"column":null}},"119":{"start":{"line":152,"column":2},"end":{"line":152,"column":null}},"120":{"start":{"line":153,"column":2},"end":{"line":153,"column":null}},"121":{"start":{"line":154,"column":2},"end":{"line":154,"column":null}},"122":{"start":{"line":155,"column":2},"end":{"line":155,"column":null}},"123":{"start":{"line":156,"column":2},"end":{"line":156,"column":null}},"124":{"start":{"line":157,"column":2},"end":{"line":157,"column":null}},"125":{"start":{"line":159,"column":2},"end":{"line":159,"column":null}},"126":{"start":{"line":160,"column":2},"end":{"line":160,"column":null}},"127":{"start":{"line":161,"column":2},"end":{"line":161,"column":null}},"128":{"start":{"line":162,"column":2},"end":{"line":162,"column":null}},"129":{"start":{"line":163,"column":2},"end":{"line":163,"column":null}},"130":{"start":{"line":164,"column":2},"end":{"line":164,"column":null}},"131":{"start":{"line":165,"column":2},"end":{"line":165,"column":null}},"132":{"start":{"line":166,"column":2},"end":{"line":166,"column":null}},"133":{"start":{"line":167,"column":2},"end":{"line":167,"column":null}},"134":{"start":{"line":169,"column":2},"end":{"line":169,"column":null}},"135":{"start":{"line":170,"column":2},"end":{"line":170,"column":null}},"136":{"start":{"line":171,"column":2},"end":{"line":171,"column":null}},"137":{"start":{"line":172,"column":2},"end":{"line":172,"column":null}},"138":{"start":{"line":173,"column":2},"end":{"line":173,"column":null}},"139":{"start":{"line":174,"column":2},"end":{"line":174,"column":null}},"140":{"start":{"line":175,"column":2},"end":{"line":175,"column":null}},"141":{"start":{"line":176,"column":2},"end":{"line":176,"column":null}},"142":{"start":{"line":177,"column":2},"end":{"line":177,"column":null}},"143":{"start":{"line":178,"column":2},"end":{"line":178,"column":null}},"144":{"start":{"line":179,"column":2},"end":{"line":179,"column":null}},"145":{"start":{"line":180,"column":2},"end":{"line":180,"column":null}},"146":{"start":{"line":182,"column":2},"end":{"line":182,"column":null}},"147":{"start":{"line":183,"column":2},"end":{"line":183,"column":null}},"148":{"start":{"line":184,"column":2},"end":{"line":184,"column":null}},"149":{"start":{"line":185,"column":2},"end":{"line":185,"column":null}},"150":{"start":{"line":186,"column":2},"end":{"line":186,"column":null}},"151":{"start":{"line":187,"column":2},"end":{"line":187,"column":null}},"152":{"start":{"line":188,"column":2},"end":{"line":188,"column":null}},"153":{"start":{"line":189,"column":2},"end":{"line":189,"column":null}},"154":{"start":{"line":190,"column":2},"end":{"line":190,"column":null}},"155":{"start":{"line":191,"column":2},"end":{"line":191,"column":null}},"156":{"start":{"line":192,"column":2},"end":{"line":192,"column":null}},"157":{"start":{"line":193,"column":2},"end":{"line":193,"column":null}},"158":{"start":{"line":194,"column":2},"end":{"line":194,"column":null}},"159":{"start":{"line":196,"column":2},"end":{"line":196,"column":null}},"160":{"start":{"line":197,"column":2},"end":{"line":197,"column":null}},"161":{"start":{"line":198,"column":2},"end":{"line":198,"column":null}},"162":{"start":{"line":199,"column":2},"end":{"line":199,"column":null}},"163":{"start":{"line":200,"column":2},"end":{"line":200,"column":null}},"164":{"start":{"line":201,"column":2},"end":{"line":201,"column":null}},"165":{"start":{"line":202,"column":2},"end":{"line":202,"column":null}},"166":{"start":{"line":203,"column":2},"end":{"line":203,"column":null}},"167":{"start":{"line":204,"column":2},"end":{"line":204,"column":null}},"168":{"start":{"line":205,"column":2},"end":{"line":205,"column":null}},"169":{"start":{"line":206,"column":2},"end":{"line":206,"column":null}},"170":{"start":{"line":207,"column":2},"end":{"line":207,"column":null}},"171":{"start":{"line":208,"column":2},"end":{"line":208,"column":null}},"172":{"start":{"line":274,"column":0},"end":{"line":274,"column":null}},"173":{"start":{"line":275,"column":2},"end":{"line":275,"column":null}},"174":{"start":{"line":276,"column":2},"end":{"line":276,"column":null}},"175":{"start":{"line":277,"column":2},"end":{"line":277,"column":null}},"176":{"start":{"line":278,"column":2},"end":{"line":278,"column":null}},"177":{"start":{"line":279,"column":2},"end":{"line":279,"column":null}},"178":{"start":{"line":280,"column":2},"end":{"line":280,"column":null}},"179":{"start":{"line":281,"column":2},"end":{"line":281,"column":null}},"180":{"start":{"line":282,"column":2},"end":{"line":282,"column":null}},"181":{"start":{"line":283,"column":2},"end":{"line":283,"column":null}},"182":{"start":{"line":284,"column":2},"end":{"line":284,"column":null}},"183":{"start":{"line":285,"column":2},"end":{"line":285,"column":null}},"184":{"start":{"line":286,"column":2},"end":{"line":286,"column":null}}},"fnMap":{"0":{"name":"(anonymous_0)","decl":{"start":{"line":3,"column":0},"end":{"line":3,"column":12}},"loc":{"start":{"line":3,"column":27},"end":{"line":12,"column":1}}},"1":{"name":"(anonymous_1)","decl":{"start":{"line":24,"column":0},"end":{"line":24,"column":12}},"loc":{"start":{"line":24,"column":23},"end":{"line":29,"column":1}}},"2":{"name":"(anonymous_2)","decl":{"start":{"line":36,"column":0},"end":{"line":36,"column":12}},"loc":{"start":{"line":36,"column":26},"end":{"line":40,"column":1}}},"3":{"name":"(anonymous_3)","decl":{"start":{"line":42,"column":0},"end":{"line":42,"column":12}},"loc":{"start":{"line":42,"column":27},"end":{"line":50,"column":1}}},"4":{"name":"(anonymous_4)","decl":{"start":{"line":52,"column":0},"end":{"line":52,"column":12}},"loc":{"start":{"line":52,"column":20},"end":{"line":58,"column":1}}},"5":{"name":"(anonymous_5)","decl":{"start":{"line":60,"column":0},"end":{"line":60,"column":12}},"loc":{"start":{"line":60,"column":24},"end":{"line":85,"column":1}}},"6":{"name":"(anonymous_6)","decl":{"start":{"line":87,"column":0},"end":{"line":87,"column":12}},"loc":{"start":{"line":87,"column":26},"end":{"line":120,"column":1}}},"7":{"name":"(anonymous_7)","decl":{"start":{"line":122,"column":0},"end":{"line":122,"column":12}},"loc":{"start":{"line":122,"column":24},"end":{"line":209,"column":1}}},"8":{"name":"(anonymous_8)","decl":{"start":{"line":274,"column":0},"end":{"line":274,"column":12}},"loc":{"start":{"line":274,"column":18},"end":{"line":287,"column":1}}}},"branchMap":{"0":{"loc":{"start":{"line":3,"column":12},"end":{"line":3,"column":null}},"type":"binary-expr","locations":[{"start":{"line":3,"column":12},"end":{"line":3,"column":27}},{"start":{"line":3,"column":12},"end":{"line":3,"column":null}}]},"1":{"loc":{"start":{"line":24,"column":12},"end":{"line":24,"column":null}},"type":"binary-expr","locations":[{"start":{"line":24,"column":12},"end":{"line":24,"column":23}},{"start":{"line":24,"column":12},"end":{"line":24,"column":null}}]},"2":{"loc":{"start":{"line":36,"column":12},"end":{"line":36,"column":null}},"type":"binary-expr","locations":[{"start":{"line":36,"column":12},"end":{"line":36,"column":26}},{"start":{"line":36,"column":12},"end":{"line":36,"column":null}}]},"3":{"loc":{"start":{"line":42,"column":12},"end":{"line":42,"column":null}},"type":"binary-expr","locations":[{"start":{"line":42,"column":12},"end":{"line":42,"column":27}},{"start":{"line":42,"column":12},"end":{"line":42,"column":null}}]},"4":{"loc":{"start":{"line":52,"column":12},"end":{"line":52,"column":null}},"type":"binary-expr","locations":[{"start":{"line":52,"column":12},"end":{"line":52,"column":20}},{"start":{"line":52,"column":12},"end":{"line":52,"column":null}}]},"5":{"loc":{"start":{"line":60,"column":12},"end":{"line":60,"column":null}},"type":"binary-expr","locations":[{"start":{"line":60,"column":12},"end":{"line":60,"column":24}},{"start":{"line":60,"column":12},"end":{"line":60,"column":null}}]},"6":{"loc":{"start":{"line":87,"column":12},"end":{"line":87,"column":null}},"type":"binary-expr","locations":[{"start":{"line":87,"column":12},"end":{"line":87,"column":26}},{"start":{"line":87,"column":12},"end":{"line":87,"column":null}}]},"7":{"loc":{"start":{"line":122,"column":12},"end":{"line":122,"column":null}},"type":"binary-expr","locations":[{"start":{"line":122,"column":12},"end":{"line":122,"column":24}},{"start":{"line":122,"column":12},"end":{"line":122,"column":null}}]},"8":{"loc":{"start":{"line":274,"column":12},"end":{"line":274,"column":null}},"type":"binary-expr","locations":[{"start":{"line":274,"column":12},"end":{"line":274,"column":18}},{"start":{"line":274,"column":12},"end":{"line":274,"column":null}}]}},"s":{"0":12,"1":12,"2":12,"3":12,"4":12,"5":12,"6":12,"7":12,"8":12,"9":12,"10":12,"11":12,"12":12,"13":12,"14":12,"15":12,"16":12,"17":12,"18":12,"19":12,"20":12,"21":12,"22":12,"23":12,"24":12,"25":12,"26":12,"27":12,"28":12,"29":12,"30":12,"31":12,"32":12,"33":12,"34":12,"35":12,"36":12,"37":12,"38":12,"39":12,"40":12,"41":12,"42":12,"43":12,"44":12,"45":12,"46":12,"47":12,"48":12,"49":12,"50":12,"51":12,"52":12,"53":12,"54":12,"55":12,"56":12,"57":12,"58":12,"59":12,"60":12,"61":12,"62":12,"63":12,"64":12,"65":12,"66":12,"67":12,"68":12,"69":12,"70":12,"71":12,"72":12,"73":12,"74":12,"75":12,"76":12,"77":12,"78":12,"79":12,"80":12,"81":12,"82":12,"83":12,"84":12,"85":12,"86":12,"87":12,"88":12,"89":12,"90":12,"91":12,"92":12,"93":12,"94":12,"95":12,"96":12,"97":12,"98":12,"99":12,"100":12,"101":12,"102":12,"103":12,"104":12,"105":12,"106":12,"107":12,"108":12,"109":12,"110":12,"111":12,"112":12,"113":12,"114":12,"115":12,"116":12,"117":12,"118":12,"119":12,"120":12,"121":12,"122":12,"123":12,"124":12,"125":12,"126":12,"127":12,"128":12,"129":12,"130":12,"131":12,"132":12,"133":12,"134":12,"135":12,"136":12,"137":12,"138":12,"139":12,"140":12,"141":12,"142":12,"143":12,"144":12,"145":12,"146":12,"147":12,"148":12,"149":12,"150":12,"151":12,"152":12,"153":12,"154":12,"155":12,"156":12,"157":12,"158":12,"159":12,"160":12,"161":12,"162":12,"163":12,"164":12,"165":12,"166":12,"167":12,"168":12,"169":12,"170":12,"171":12,"172":12,"173":12,"174":12,"175":12,"176":12,"177":12,"178":12,"179":12,"180":12,"181":12,"182":12,"183":12,"184":12},"f":{"0":12,"1":12,"2":12,"3":12,"4":12,"5":12,"6":12,"7":12,"8":12},"b":{"0":[12,12],"1":[12,12],"2":[12,12],"3":[12,12],"4":[12,12],"5":[12,12],"6":[12,12],"7":[12,12],"8":[12,12]}}
,"/Users/philihp/work/hathora-et-labora/game/src/board/buildings.ts": {"path":"/Users/philihp/work/hathora-et-labora/game/src/board/buildings.ts","statementMap":{"0":{"start":{"line":1,"column":0},"end":{"line":1,"column":37}},"1":{"start":{"line":2,"column":0},"end":{"line":2,"column":97}},"2":{"start":{"line":4,"column":34},"end":{"line":12,"column":4}},"3":{"start":{"line":6,"column":2},"end":{"line":12,"column":4}},"4":{"start":{"line":6,"column":60},"end":{"line":12,"column":4}},"5":{"start":{"line":4,"column":13},"end":{"line":4,"column":34}},"6":{"start":{"line":14,"column":31},"end":{"line":58,"column":26}},"7":{"start":{"line":16,"column":2},"end":{"line":58,"column":26}},"8":{"start":{"line":17,"column":38},"end":{"line":17,"column":59}},"9":{"start":{"line":18,"column":49},"end":{"line":18,"column":60}},"10":{"start":{"line":19,"column":47},"end":{"line":19,"column":68}},"11":{"start":{"line":20,"column":38},"end":{"line":20,"column":50}},"12":{"start":{"line":21,"column":44},"end":{"line":21,"column":55}},"13":{"start":{"line":22,"column":45},"end":{"line":22,"column":56}},"14":{"start":{"line":23,"column":40},"end":{"line":23,"column":60}},"15":{"start":{"line":24,"column":46},"end":{"line":24,"column":58}},"16":{"start":{"line":25,"column":44},"end":{"line":25,"column":65}},"17":{"start":{"line":26,"column":38},"end":{"line":26,"column":58}},"18":{"start":{"line":27,"column":46},"end":{"line":27,"column":57}},"19":{"start":{"line":28,"column":41},"end":{"line":28,"column":61}},"20":{"start":{"line":29,"column":44},"end":{"line":29,"column":65}},"21":{"start":{"line":30,"column":47},"end":{"line":30,"column":69}},"22":{"start":{"line":31,"column":48},"end":{"line":31,"column":59}},"23":{"start":{"line":32,"column":42},"end":{"line":32,"column":53}},"24":{"start":{"line":33,"column":46},"end":{"line":33,"column":66}},"25":{"start":{"line":34,"column":52},"end":{"line":34,"column":73}},"26":{"start":{"line":35,"column":46},"end":{"line":35,"column":67}},"27":{"start":{"line":36,"column":46},"end":{"line":36,"column":67}},"28":{"start":{"line":37,"column":39},"end":{"line":37,"column":51}},"29":{"start":{"line":38,"column":40},"end":{"line":38,"column":61}},"30":{"start":{"line":39,"column":38},"end":{"line":39,"column":59}},"31":{"start":{"line":40,"column":35},"end":{"line":40,"column":56}},"32":{"start":{"line":41,"column":41},"end":{"line":41,"column":63}},"33":{"start":{"line":42,"column":48},"end":{"line":42,"column":68}},"34":{"start":{"line":43,"column":38},"end":{"line":43,"column":59}},"35":{"start":{"line":44,"column":38},"end":{"line":44,"column":51}},"36":{"start":{"line":45,"column":47},"end":{"line":45,"column":67}},"37":{"start":{"line":46,"column":42},"end":{"line":46,"column":64}},"38":{"start":{"line":47,"column":43},"end":{"line":47,"column":55}},"39":{"start":{"line":48,"column":39},"end":{"line":48,"column":51}},"40":{"start":{"line":49,"column":42},"end":{"line":49,"column":53}},"41":{"start":{"line":50,"column":41},"end":{"line":50,"column":52}},"42":{"start":{"line":51,"column":47},"end":{"line":51,"column":68}},"43":{"start":{"line":52,"column":53},"end":{"line":52,"column":74}},"44":{"start":{"line":53,"column":46},"end":{"line":53,"column":67}},"45":{"start":{"line":54,"column":40},"end":{"line":54,"column":62}},"46":{"start":{"line":55,"column":39},"end":{"line":55,"column":60}},"47":{"start":{"line":56,"column":46},"end":{"line":56,"column":58}},"48":{"start":{"line":57,"column":38},"end":{"line":57,"column":59}},"49":{"start":{"line":58,"column":22},"end":{"line":58,"column":24}},"50":{"start":{"line":14,"column":13},"end":{"line":14,"column":31}},"51":{"start":{"line":60,"column":34},"end":{"line":82,"column":1}},"52":{"start":{"line":61,"column":2},"end":{"line":61,"column":null}},"53":{"start":{"line":61,"column":30},"end":{"line":61,"column":null}},"54":{"start":{"line":62,"column":2},"end":{"line":81,"column":null}},"55":{"start":{"line":60,"column":13},"end":{"line":60,"column":34}},"56":{"start":{"line":84,"column":30},"end":{"line":341,"column":24}},"57":{"start":{"line":85,"column":2},"end":{"line":341,"column":24}},"58":{"start":{"line":86,"column":72},"end":{"line":100,"column":6}},"59":{"start":{"line":101,"column":72},"end":{"line":112,"column":6}},"60":{"start":{"line":113,"column":60},"end":{"line":121,"column":6}},"61":{"start":{"line":122,"column":73},"end":{"line":136,"column":6}},"62":{"start":{"line":137,"column":73},"end":{"line":148,"column":6}},"63":{"start":{"line":149,"column":61},"end":{"line":157,"column":6}},"64":{"start":{"line":158,"column":72},"end":{"line":165,"column":6}},"65":{"start":{"line":166,"column":72},"end":{"line":172,"column":6}},"66":{"start":{"line":173,"column":60},"end":{"line":177,"column":6}},"67":{"start":{"line":178,"column":73},"end":{"line":185,"column":6}},"68":{"start":{"line":186,"column":73},"end":{"line":192,"column":6}},"69":{"start":{"line":193,"column":61},"end":{"line":198,"column":6}},"70":{"start":{"line":199,"column":72},"end":{"line":207,"column":6}},"71":{"start":{"line":208,"column":72},"end":{"line":214,"column":6}},"72":{"start":{"line":215,"column":60},"end":{"line":220,"column":6}},"73":{"start":{"line":221,"column":73},"end":{"line":229,"column":6}},"74":{"start":{"line":230,"column":73},"end":{"line":236,"column":6}},"75":{"start":{"line":237,"column":61},"end":{"line":242,"column":6}},"76":{"start":{"line":243,"column":72},"end":{"line":251,"column":6}},"77":{"start":{"line":252,"column":72},"end":{"line":259,"column":6}},"78":{"start":{"line":260,"column":60},"end":{"line":265,"column":6}},"79":{"start":{"line":266,"column":73},"end":{"line":274,"column":6}},"80":{"start":{"line":275,"column":73},"end":{"line":282,"column":6}},"81":{"start":{"line":283,"column":61},"end":{"line":288,"column":6}},"82":{"start":{"line":289,"column":72},"end":{"line":298,"column":6}},"83":{"start":{"line":299,"column":72},"end":{"line":307,"column":6}},"84":{"start":{"line":308,"column":60},"end":{"line":314,"column":6}},"85":{"start":{"line":315,"column":73},"end":{"line":324,"column":6}},"86":{"start":{"line":325,"column":73},"end":{"line":333,"column":6}},"87":{"start":{"line":334,"column":61},"end":{"line":340,"column":6}},"88":{"start":{"line":341,"column":21},"end":{"line":341,"column":23}},"89":{"start":{"line":84,"column":13},"end":{"line":84,"column":30}}},"fnMap":{"0":{"name":"(anonymous_0)","decl":{"start":{"line":4,"column":34},"end":{"line":4,"column":35}},"loc":{"start":{"line":6,"column":2},"end":{"line":12,"column":4}}},"1":{"name":"(anonymous_1)","decl":{"start":{"line":6,"column":54},"end":{"line":6,"column":57}},"loc":{"start":{"line":6,"column":60},"end":{"line":12,"column":4}}},"2":{"name":"(anonymous_2)","decl":{"start":{"line":14,"column":31},"end":{"line":14,"column":32}},"loc":{"start":{"line":16,"column":2},"end":{"line":58,"column":26}}},"3":{"name":"(anonymous_3)","decl":{"start":{"line":17,"column":31},"end":{"line":17,"column":34}},"loc":{"start":{"line":17,"column":38},"end":{"line":17,"column":59}}},"4":{"name":"(anonymous_4)","decl":{"start":{"line":18,"column":42},"end":{"line":18,"column":45}},"loc":{"start":{"line":18,"column":49},"end":{"line":18,"column":60}}},"5":{"name":"(anonymous_5)","decl":{"start":{"line":19,"column":40},"end":{"line":19,"column":43}},"loc":{"start":{"line":19,"column":47},"end":{"line":19,"column":68}}},"6":{"name":"(anonymous_6)","decl":{"start":{"line":20,"column":31},"end":{"line":20,"column":34}},"loc":{"start":{"line":20,"column":38},"end":{"line":20,"column":50}}},"7":{"name":"(anonymous_7)","decl":{"start":{"line":21,"column":37},"end":{"line":21,"column":40}},"loc":{"start":{"line":21,"column":44},"end":{"line":21,"column":55}}},"8":{"name":"(anonymous_8)","decl":{"start":{"line":22,"column":38},"end":{"line":22,"column":41}},"loc":{"start":{"line":22,"column":45},"end":{"line":22,"column":56}}},"9":{"name":"(anonymous_9)","decl":{"start":{"line":23,"column":33},"end":{"line":23,"column":36}},"loc":{"start":{"line":23,"column":40},"end":{"line":23,"column":60}}},"10":{"name":"(anonymous_10)","decl":{"start":{"line":24,"column":39},"end":{"line":24,"column":42}},"loc":{"start":{"line":24,"column":46},"end":{"line":24,"column":58}}},"11":{"name":"(anonymous_11)","decl":{"start":{"line":25,"column":37},"end":{"line":25,"column":40}},"loc":{"start":{"line":25,"column":44},"end":{"line":25,"column":65}}},"12":{"name":"(anonymous_12)","decl":{"start":{"line":26,"column":31},"end":{"line":26,"column":34}},"loc":{"start":{"line":26,"column":38},"end":{"line":26,"column":58}}},"13":{"name":"(anonymous_13)","decl":{"start":{"line":27,"column":39},"end":{"line":27,"column":42}},"loc":{"start":{"line":27,"column":46},"end":{"line":27,"column":57}}},"14":{"name":"(anonymous_14)","decl":{"start":{"line":28,"column":34},"end":{"line":28,"column":37}},"loc":{"start":{"line":28,"column":41},"end":{"line":28,"column":61}}},"15":{"name":"(anonymous_15)","decl":{"start":{"line":29,"column":37},"end":{"line":29,"column":40}},"loc":{"start":{"line":29,"column":44},"end":{"line":29,"column":65}}},"16":{"name":"(anonymous_16)","decl":{"start":{"line":30,"column":40},"end":{"line":30,"column":43}},"loc":{"start":{"line":30,"column":47},"end":{"line":30,"column":69}}},"17":{"name":"(anonymous_17)","decl":{"start":{"line":31,"column":41},"end":{"line":31,"column":44}},"loc":{"start":{"line":31,"column":48},"end":{"line":31,"column":59}}},"18":{"name":"(anonymous_18)","decl":{"start":{"line":32,"column":35},"end":{"line":32,"column":38}},"loc":{"start":{"line":32,"column":42},"end":{"line":32,"column":53}}},"19":{"name":"(anonymous_19)","decl":{"start":{"line":33,"column":39},"end":{"line":33,"column":42}},"loc":{"start":{"line":33,"column":46},"end":{"line":33,"column":66}}},"20":{"name":"(anonymous_20)","decl":{"start":{"line":34,"column":45},"end":{"line":34,"column":48}},"loc":{"start":{"line":34,"column":52},"end":{"line":34,"column":73}}},"21":{"name":"(anonymous_21)","decl":{"start":{"line":35,"column":39},"end":{"line":35,"column":42}},"loc":{"start":{"line":35,"column":46},"end":{"line":35,"column":67}}},"22":{"name":"(anonymous_22)","decl":{"start":{"line":36,"column":39},"end":{"line":36,"column":42}},"loc":{"start":{"line":36,"column":46},"end":{"line":36,"column":67}}},"23":{"name":"(anonymous_23)","decl":{"start":{"line":37,"column":32},"end":{"line":37,"column":35}},"loc":{"start":{"line":37,"column":39},"end":{"line":37,"column":51}}},"24":{"name":"(anonymous_24)","decl":{"start":{"line":38,"column":33},"end":{"line":38,"column":36}},"loc":{"start":{"line":38,"column":40},"end":{"line":38,"column":61}}},"25":{"name":"(anonymous_25)","decl":{"start":{"line":39,"column":31},"end":{"line":39,"column":34}},"loc":{"start":{"line":39,"column":38},"end":{"line":39,"column":59}}},"26":{"name":"(anonymous_26)","decl":{"start":{"line":40,"column":28},"end":{"line":40,"column":31}},"loc":{"start":{"line":40,"column":35},"end":{"line":40,"column":56}}},"27":{"name":"(anonymous_27)","decl":{"start":{"line":41,"column":34},"end":{"line":41,"column":37}},"loc":{"start":{"line":41,"column":41},"end":{"line":41,"column":63}}},"28":{"name":"(anonymous_28)","decl":{"start":{"line":42,"column":41},"end":{"line":42,"column":44}},"loc":{"start":{"line":42,"column":48},"end":{"line":42,"column":68}}},"29":{"name":"(anonymous_29)","decl":{"start":{"line":43,"column":31},"end":{"line":43,"column":34}},"loc":{"start":{"line":43,"column":38},"end":{"line":43,"column":59}}},"30":{"name":"(anonymous_30)","decl":{"start":{"line":44,"column":31},"end":{"line":44,"column":34}},"loc":{"start":{"line":44,"column":38},"end":{"line":44,"column":51}}},"31":{"name":"(anonymous_31)","decl":{"start":{"line":45,"column":40},"end":{"line":45,"column":43}},"loc":{"start":{"line":45,"column":47},"end":{"line":45,"column":67}}},"32":{"name":"(anonymous_32)","decl":{"start":{"line":46,"column":35},"end":{"line":46,"column":38}},"loc":{"start":{"line":46,"column":42},"end":{"line":46,"column":64}}},"33":{"name":"(anonymous_33)","decl":{"start":{"line":47,"column":36},"end":{"line":47,"column":39}},"loc":{"start":{"line":47,"column":43},"end":{"line":47,"column":55}}},"34":{"name":"(anonymous_34)","decl":{"start":{"line":48,"column":32},"end":{"line":48,"column":35}},"loc":{"start":{"line":48,"column":39},"end":{"line":48,"column":51}}},"35":{"name":"(anonymous_35)","decl":{"start":{"line":49,"column":35},"end":{"line":49,"column":38}},"loc":{"start":{"line":49,"column":42},"end":{"line":49,"column":53}}},"36":{"name":"(anonymous_36)","decl":{"start":{"line":50,"column":34},"end":{"line":50,"column":37}},"loc":{"start":{"line":50,"column":41},"end":{"line":50,"column":52}}},"37":{"name":"(anonymous_37)","decl":{"start":{"line":51,"column":40},"end":{"line":51,"column":43}},"loc":{"start":{"line":51,"column":47},"end":{"line":51,"column":68}}},"38":{"name":"(anonymous_38)","decl":{"start":{"line":52,"column":46},"end":{"line":52,"column":49}},"loc":{"start":{"line":52,"column":53},"end":{"line":52,"column":74}}},"39":{"name":"(anonymous_39)","decl":{"start":{"line":53,"column":39},"end":{"line":53,"column":42}},"loc":{"start":{"line":53,"column":46},"end":{"line":53,"column":67}}},"40":{"name":"(anonymous_40)","decl":{"start":{"line":54,"column":33},"end":{"line":54,"column":36}},"loc":{"start":{"line":54,"column":40},"end":{"line":54,"column":62}}},"41":{"name":"(anonymous_41)","decl":{"start":{"line":55,"column":32},"end":{"line":55,"column":35}},"loc":{"start":{"line":55,"column":39},"end":{"line":55,"column":60}}},"42":{"name":"(anonymous_42)","decl":{"start":{"line":56,"column":39},"end":{"line":56,"column":42}},"loc":{"start":{"line":56,"column":46},"end":{"line":56,"column":58}}},"43":{"name":"(anonymous_43)","decl":{"start":{"line":57,"column":31},"end":{"line":57,"column":34}},"loc":{"start":{"line":57,"column":38},"end":{"line":57,"column":59}}},"44":{"name":"(anonymous_44)","decl":{"start":{"line":58,"column":15},"end":{"line":58,"column":18}},"loc":{"start":{"line":58,"column":22},"end":{"line":58,"column":24}}},"45":{"name":"(anonymous_45)","decl":{"start":{"line":60,"column":34},"end":{"line":60,"column":35}},"loc":{"start":{"line":60,"column":71},"end":{"line":82,"column":1}}},"46":{"name":"(anonymous_46)","decl":{"start":{"line":84,"column":30},"end":{"line":84,"column":31}},"loc":{"start":{"line":85,"column":2},"end":{"line":341,"column":24}}},"47":{"name":"(anonymous_47)","decl":{"start":{"line":86,"column":66},"end":{"line":86,"column":69}},"loc":{"start":{"line":86,"column":72},"end":{"line":100,"column":6}}},"48":{"name":"(anonymous_48)","decl":{"start":{"line":101,"column":66},"end":{"line":101,"column":69}},"loc":{"start":{"line":101,"column":72},"end":{"line":112,"column":6}}},"49":{"name":"(anonymous_49)","decl":{"start":{"line":113,"column":54},"end":{"line":113,"column":57}},"loc":{"start":{"line":113,"column":60},"end":{"line":121,"column":6}}},"50":{"name":"(anonymous_50)","decl":{"start":{"line":122,"column":67},"end":{"line":122,"column":70}},"loc":{"start":{"line":122,"column":73},"end":{"line":136,"column":6}}},"51":{"name":"(anonymous_51)","decl":{"start":{"line":137,"column":67},"end":{"line":137,"column":70}},"loc":{"start":{"line":137,"column":73},"end":{"line":148,"column":6}}},"52":{"name":"(anonymous_52)","decl":{"start":{"line":149,"column":55},"end":{"line":149,"column":58}},"loc":{"start":{"line":149,"column":61},"end":{"line":157,"column":6}}},"53":{"name":"(anonymous_53)","decl":{"start":{"line":158,"column":66},"end":{"line":158,"column":69}},"loc":{"start":{"line":158,"column":72},"end":{"line":165,"column":6}}},"54":{"name":"(anonymous_54)","decl":{"start":{"line":166,"column":66},"end":{"line":166,"column":69}},"loc":{"start":{"line":166,"column":72},"end":{"line":172,"column":6}}},"55":{"name":"(anonymous_55)","decl":{"start":{"line":173,"column":54},"end":{"line":173,"column":57}},"loc":{"start":{"line":173,"column":60},"end":{"line":177,"column":6}}},"56":{"name":"(anonymous_56)","decl":{"start":{"line":178,"column":67},"end":{"line":178,"column":70}},"loc":{"start":{"line":178,"column":73},"end":{"line":185,"column":6}}},"57":{"name":"(anonymous_57)","decl":{"start":{"line":186,"column":67},"end":{"line":186,"column":70}},"loc":{"start":{"line":186,"column":73},"end":{"line":192,"column":6}}},"58":{"name":"(anonymous_58)","decl":{"start":{"line":193,"column":55},"end":{"line":193,"column":58}},"loc":{"start":{"line":193,"column":61},"end":{"line":198,"column":6}}},"59":{"name":"(anonymous_59)","decl":{"start":{"line":199,"column":66},"end":{"line":199,"column":69}},"loc":{"start":{"line":199,"column":72},"end":{"line":207,"column":6}}},"60":{"name":"(anonymous_60)","decl":{"start":{"line":208,"column":66},"end":{"line":208,"column":69}},"loc":{"start":{"line":208,"column":72},"end":{"line":214,"column":6}}},"61":{"name":"(anonymous_61)","decl":{"start":{"line":215,"column":54},"end":{"line":215,"column":57}},"loc":{"start":{"line":215,"column":60},"end":{"line":220,"column":6}}},"62":{"name":"(anonymous_62)","decl":{"start":{"line":221,"column":67},"end":{"line":221,"column":70}},"loc":{"start":{"line":221,"column":73},"end":{"line":229,"column":6}}},"63":{"name":"(anonymous_63)","decl":{"start":{"line":230,"column":67},"end":{"line":230,"column":70}},"loc":{"start":{"line":230,"column":73},"end":{"line":236,"column":6}}},"64":{"name":"(anonymous_64)","decl":{"start":{"line":237,"column":55},"end":{"line":237,"column":58}},"loc":{"start":{"line":237,"column":61},"end":{"line":242,"column":6}}},"65":{"name":"(anonymous_65)","decl":{"start":{"line":243,"column":66},"end":{"line":243,"column":69}},"loc":{"start":{"line":243,"column":72},"end":{"line":251,"column":6}}},"66":{"name":"(anonymous_66)","decl":{"start":{"line":252,"column":66},"end":{"line":252,"column":69}},"loc":{"start":{"line":252,"column":72},"end":{"line":259,"column":6}}},"67":{"name":"(anonymous_67)","decl":{"start":{"line":260,"column":54},"end":{"line":260,"column":57}},"loc":{"start":{"line":260,"column":60},"end":{"line":265,"column":6}}},"68":{"name":"(anonymous_68)","decl":{"start":{"line":266,"column":67},"end":{"line":266,"column":70}},"loc":{"start":{"line":266,"column":73},"end":{"line":274,"column":6}}},"69":{"name":"(anonymous_69)","decl":{"start":{"line":275,"column":67},"end":{"line":275,"column":70}},"loc":{"start":{"line":275,"column":73},"end":{"line":282,"column":6}}},"70":{"name":"(anonymous_70)","decl":{"start":{"line":283,"column":55},"end":{"line":283,"column":58}},"loc":{"start":{"line":283,"column":61},"end":{"line":288,"column":6}}},"71":{"name":"(anonymous_71)","decl":{"start":{"line":289,"column":66},"end":{"line":289,"column":69}},"loc":{"start":{"line":289,"column":72},"end":{"line":298,"column":6}}},"72":{"name":"(anonymous_72)","decl":{"start":{"line":299,"column":66},"end":{"line":299,"column":69}},"loc":{"start":{"line":299,"column":72},"end":{"line":307,"column":6}}},"73":{"name":"(anonymous_73)","decl":{"start":{"line":308,"column":54},"end":{"line":308,"column":57}},"loc":{"start":{"line":308,"column":60},"end":{"line":314,"column":6}}},"74":{"name":"(anonymous_74)","decl":{"start":{"line":315,"column":67},"end":{"line":315,"column":70}},"loc":{"start":{"line":315,"column":73},"end":{"line":324,"column":6}}},"75":{"name":"(anonymous_75)","decl":{"start":{"line":325,"column":67},"end":{"line":325,"column":70}},"loc":{"start":{"line":325,"column":73},"end":{"line":333,"column":6}}},"76":{"name":"(anonymous_76)","decl":{"start":{"line":334,"column":55},"end":{"line":334,"column":58}},"loc":{"start":{"line":334,"column":61},"end":{"line":340,"column":6}}},"77":{"name":"(anonymous_77)","decl":{"start":{"line":341,"column":15},"end":{"line":341,"column":18}},"loc":{"start":{"line":341,"column":21},"end":{"line":341,"column":23}}}},"branchMap":{"0":{"loc":{"start":{"line":61,"column":2},"end":{"line":61,"column":null}},"type":"if","locations":[{"start":{"line":61,"column":2},"end":{"line":61,"column":null}}]}},"s":{"0":9,"1":9,"2":9,"3":0,"4":0,"5":9,"6":9,"7":1,"8":0,"9":0,"10":0,"11":0,"12":0,"13":0,"14":0,"15":0,"16":0,"17":1,"18":0,"19":0,"20":0,"21":0,"22":0,"23":0,"24":0,"25":0,"26":0,"27":0,"28":0,"29":0,"30":0,"31":0,"32":0,"33":0,"34":0,"35":0,"36":0,"37":0,"38":0,"39":0,"40":0,"41":0,"42":0,"43":0,"44":0,"45":0,"46":0,"47":0,"48":0,"49":0,"50":9,"51":9,"52":3,"53":1,"54":2,"55":9,"56":9,"57":14,"58":0,"59":8,"60":0,"61":0,"62":3,"63":2,"64":0,"65":0,"66":0,"67":0,"68":0,"69":0,"70":0,"71":1,"72":0,"73":0,"74":0,"75":0,"76":0,"77":0,"78":0,"79":0,"80":0,"81":0,"82":0,"83":0,"84":0,"85":0,"86":0,"87":0,"88":0,"89":9},"f":{"0":0,"1":0,"2":1,"3":0,"4":0,"5":0,"6":0,"7":0,"8":0,"9":0,"10":0,"11":0,"12":1,"13":0,"14":0,"15":0,"16":0,"17":0,"18":0,"19":0,"20":0,"21":0,"22":0,"23":0,"24":0,"25":0,"26":0,"27":0,"28":0,"29":0,"30":0,"31":0,"32":0,"33":0,"34":0,"35":0,"36":0,"37":0,"38":0,"39":0,"40":0,"41":0,"42":0,"43":0,"44":0,"45":3,"46":14,"47":0,"48":8,"49":0,"50":0,"51":3,"52":2,"53":0,"54":0,"55":0,"56":0,"57":0,"58":0,"59":0,"60":1,"61":0,"62":0,"63":0,"64":0,"65":0,"66":0,"67":0,"68":0,"69":0,"70":0,"71":0,"72":0,"73":0,"74":0,"75":0,"76":0,"77":0},"b":{"0":[1]}}
,"/Users/philihp/work/hathora-et-labora/game/src/board/extraRound.ts": {"path":"/Users/philihp/work/hathora-et-labora/game/src/board/extraRound.ts","statementMap":{"0":{"start":{"line":1,"column":0},"end":{"line":1,"column":37}},"1":{"start":{"line":4,"column":28},"end":{"line":8,"column":27}},"2":{"start":{"line":5,"column":2},"end":{"line":8,"column":27}},"3":{"start":{"line":6,"column":41},"end":{"line":6,"column":48}},"4":{"start":{"line":6,"column":58},"end":{"line":6,"column":62}},"5":{"start":{"line":7,"column":53},"end":{"line":7,"column":60}},"6":{"start":{"line":7,"column":70},"end":{"line":7,"column":74}},"7":{"start":{"line":8,"column":21},"end":{"line":8,"column":26}},"8":{"start":{"line":4,"column":13},"end":{"line":4,"column":28}},"9":{"start":{"line":10,"column":42},"end":{"line":10,"column":106}},"10":{"start":{"line":10,"column":93},"end":{"line":10,"column":106}},"11":{"start":{"line":10,"column":13},"end":{"line":10,"column":42}}},"fnMap":{"0":{"name":"(anonymous_0)","decl":{"start":{"line":4,"column":28},"end":{"line":4,"column":29}},"loc":{"start":{"line":5,"column":2},"end":{"line":8,"column":27}}},"1":{"name":"(anonymous_1)","decl":{"start":{"line":6,"column":34},"end":{"line":6,"column":35}},"loc":{"start":{"line":6,"column":41},"end":{"line":6,"column":48}}},"2":{"name":"(anonymous_2)","decl":{"start":{"line":6,"column":52},"end":{"line":6,"column":55}},"loc":{"start":{"line":6,"column":58},"end":{"line":6,"column":62}}},"3":{"name":"(anonymous_3)","decl":{"start":{"line":7,"column":46},"end":{"line":7,"column":47}},"loc":{"start":{"line":7,"column":53},"end":{"line":7,"column":60}}},"4":{"name":"(anonymous_4)","decl":{"start":{"line":7,"column":64},"end":{"line":7,"column":67}},"loc":{"start":{"line":7,"column":70},"end":{"line":7,"column":74}}},"5":{"name":"(anonymous_5)","decl":{"start":{"line":8,"column":15},"end":{"line":8,"column":18}},"loc":{"start":{"line":8,"column":21},"end":{"line":8,"column":26}}},"6":{"name":"(anonymous_6)","decl":{"start":{"line":10,"column":42},"end":{"line":10,"column":43}},"loc":{"start":{"line":10,"column":93},"end":{"line":10,"column":106}}}},"branchMap":{},"s":{"0":8,"1":8,"2":15,"3":0,"4":0,"5":11,"6":0,"7":15,"8":8,"9":8,"10":0,"11":8},"f":{"0":15,"1":0,"2":0,"3":11,"4":0,"5":15,"6":0},"b":{}}
,"/Users/philihp/work/hathora-et-labora/game/src/board/modeSetup.ts": {"path":"/Users/philihp/work/hathora-et-labora/game/src/board/modeSetup.ts","statementMap":{"0":{"start":{"line":1,"column":0},"end":{"line":1,"column":34}},"1":{"start":{"line":2,"column":0},"end":{"line":2,"column":34}},"2":{"start":{"line":3,"column":0},"end":{"line":3,"column":111}},"3":{"start":{"line":5,"column":17},"end":{"line":5,"column":53}},"4":{"start":{"line":6,"column":17},"end":{"line":6,"column":55}},"5":{"start":{"line":7,"column":16},"end":{"line":7,"column":33}},"6":{"start":{"line":9,"column":22},"end":{"line":14,"column":null}},"7":{"start":{"line":16,"column":29},"end":{"line":30,"column":1}},"8":{"start":{"line":17,"column":19},"end":{"line":17,"column":63}},"9":{"start":{"line":18,"column":19},"end":{"line":18,"column":61}},"10":{"start":{"line":19,"column":19},"end":{"line":19,"column":61}},"11":{"start":{"line":20,"column":2},"end":{"line":25,"column":null}},"12":{"start":{"line":21,"column":4},"end":{"line":24,"column":null}},"13":{"start":{"line":26,"column":2},"end":{"line":29,"column":null}},"14":{"start":{"line":16,"column":13},"end":{"line":16,"column":29}},"15":{"start":{"line":32,"column":21},"end":{"line":39,"column":55}},"16":{"start":{"line":33,"column":2},"end":{"line":39,"column":55}},"17":{"start":{"line":39,"column":18},"end":{"line":39,"column":35}},"18":{"start":{"line":42,"column":2},"end":{"line":67,"column":29}},"19":{"start":{"line":43,"column":2},"end":{"line":67,"column":29}},"20":{"start":{"line":44,"column":4},"end":{"line":67,"column":29}},"21":{"start":{"line":46,"column":45},"end":{"line":46,"column":75}},"22":{"start":{"line":47,"column":8},"end":{"line":65,"column":null}},"23":{"start":{"line":67,"column":23},"end":{"line":67,"column":28}},"24":{"start":{"line":41,"column":13},"end":{"line":41,"column":null}}},"fnMap":{"0":{"name":"(anonymous_0)","decl":{"start":{"line":16,"column":29},"end":{"line":16,"column":30}},"loc":{"start":{"line":16,"column":83},"end":{"line":30,"column":1}}},"1":{"name":"(anonymous_1)","decl":{"start":{"line":32,"column":21},"end":{"line":32,"column":22}},"loc":{"start":{"line":33,"column":2},"end":{"line":39,"column":55}}},"2":{"name":"(anonymous_2)","decl":{"start":{"line":39,"column":11},"end":{"line":39,"column":12}},"loc":{"start":{"line":39,"column":18},"end":{"line":39,"column":35}}},"3":{"name":"(anonymous_3)","decl":{"start":{"line":42,"column":2},"end":{"line":42,"column":3}},"loc":{"start":{"line":43,"column":2},"end":{"line":67,"column":29}}},"4":{"name":"(anonymous_4)","decl":{"start":{"line":43,"column":2},"end":{"line":43,"column":3}},"loc":{"start":{"line":44,"column":4},"end":{"line":67,"column":29}}},"5":{"name":"(anonymous_5)","decl":{"start":{"line":45,"column":47},"end":{"line":45,"column":50}},"loc":{"start":{"line":45,"column":52},"end":{"line":66,"column":7}}},"6":{"name":"(anonymous_6)","decl":{"start":{"line":67,"column":17},"end":{"line":67,"column":20}},"loc":{"start":{"line":67,"column":23},"end":{"line":67,"column":28}}}},"branchMap":{"0":{"loc":{"start":{"line":20,"column":2},"end":{"line":25,"column":null}},"type":"if","locations":[{"start":{"line":20,"column":2},"end":{"line":25,"column":null}}]}},"s":{"0":9,"1":9,"2":9,"3":9,"4":9,"5":9,"6":9,"7":9,"8":39,"9":39,"10":39,"11":39,"12":1,"13":38,"14":9,"15":9,"16":0,"17":0,"18":9,"19":13,"20":13,"21":0,"22":0,"23":13,"24":9},"f":{"0":39,"1":0,"2":0,"3":13,"4":13,"5":0,"6":13},"b":{"0":[1]}}
,"/Users/philihp/work/hathora-et-labora/game/src/board/player.ts": {"path":"/Users/philihp/work/hathora-et-labora/game/src/board/player.ts","statementMap":{"0":{"start":{"line":1,"column":0},"end":{"line":1,"column":73}},"1":{"start":{"line":3,"column":30},"end":{"line":16,"column":1}},"2":{"start":{"line":4,"column":2},"end":{"line":15,"column":null}},"3":{"start":{"line":6,"column":6},"end":{"line":6,"column":null}},"4":{"start":{"line":8,"column":6},"end":{"line":8,"column":null}},"5":{"start":{"line":10,"column":6},"end":{"line":10,"column":null}},"6":{"start":{"line":12,"column":6},"end":{"line":12,"column":null}},"7":{"start":{"line":14,"column":6},"end":{"line":14,"column":null}},"8":{"start":{"line":3,"column":13},"end":{"line":3,"column":30}},"9":{"start":{"line":18,"column":25},"end":{"line":21,"column":1}},"10":{"start":{"line":19,"column":16},"end":{"line":19,"column":55}},"11":{"start":{"line":20,"column":2},"end":{"line":20,"column":null}},"12":{"start":{"line":18,"column":13},"end":{"line":18,"column":25}},"13":{"start":{"line":23,"column":25},"end":{"line":30,"column":1}},"14":{"start":{"line":24,"column":2},"end":{"line":24,"column":null}},"15":{"start":{"line":24,"column":35},"end":{"line":24,"column":null}},"16":{"start":{"line":25,"column":12},"end":{"line":25,"column":50}},"17":{"start":{"line":26,"column":2},"end":{"line":29,"column":null}},"18":{"start":{"line":23,"column":13},"end":{"line":23,"column":25}},"19":{"start":{"line":32,"column":23},"end":{"line":33,"column":89}},"20":{"start":{"line":33,"column":2},"end":{"line":33,"column":89}},"21":{"start":{"line":32,"column":13},"end":{"line":32,"column":23}},"22":{"start":{"line":35,"column":28},"end":{"line":35,"column":86}},"23":{"start":{"line":35,"column":60},"end":{"line":35,"column":86}},"24":{"start":{"line":35,"column":13},"end":{"line":35,"column":28}}},"fnMap":{"0":{"name":"(anonymous_0)","decl":{"start":{"line":3,"column":30},"end":{"line":3,"column":31}},"loc":{"start":{"line":3,"column":63},"end":{"line":16,"column":1}}},"1":{"name":"(anonymous_1)","decl":{"start":{"line":18,"column":25},"end":{"line":18,"column":26}},"loc":{"start":{"line":18,"column":84},"end":{"line":21,"column":1}}},"2":{"name":"(anonymous_2)","decl":{"start":{"line":23,"column":25},"end":{"line":23,"column":26}},"loc":{"start":{"line":23,"column":110},"end":{"line":30,"column":1}}},"3":{"name":"(anonymous_3)","decl":{"start":{"line":32,"column":23},"end":{"line":32,"column":24}},"loc":{"start":{"line":33,"column":2},"end":{"line":33,"column":89}}},"4":{"name":"(anonymous_4)","decl":{"start":{"line":35,"column":28},"end":{"line":35,"column":29}},"loc":{"start":{"line":35,"column":60},"end":{"line":35,"column":86}}}},"branchMap":{"0":{"loc":{"start":{"line":4,"column":2},"end":{"line":15,"column":null}},"type":"switch","locations":[{"start":{"line":5,"column":4},"end":{"line":6,"column":null}},{"start":{"line":7,"column":4},"end":{"line":8,"column":null}},{"start":{"line":9,"column":4},"end":{"line":10,"column":null}},{"start":{"line":11,"column":4},"end":{"line":12,"column":null}},{"start":{"line":13,"column":4},"end":{"line":14,"column":null}}]},"1":{"loc":{"start":{"line":19,"column":16},"end":{"line":19,"column":55}},"type":"binary-expr","locations":[{"start":{"line":19,"column":16},"end":{"line":19,"column":27}},{"start":{"line":19,"column":31},"end":{"line":19,"column":55}}]},"2":{"loc":{"start":{"line":24,"column":2},"end":{"line":24,"column":null}},"type":"if","locations":[{"start":{"line":24,"column":2},"end":{"line":24,"column":null}}]},"3":{"loc":{"start":{"line":25,"column":12},"end":{"line":25,"column":50}},"type":"binary-expr","locations":[{"start":{"line":25,"column":12},"end":{"line":25,"column":23}},{"start":{"line":25,"column":27},"end":{"line":25,"column":50}}]},"4":{"loc":{"start":{"line":33,"column":2},"end":{"line":33,"column":89}},"type":"binary-expr","locations":[{"start":{"line":33,"column":2},"end":{"line":33,"column":8}},{"start":{"line":33,"column":12},"end":{"line":33,"column":89}}]},"5":{"loc":{"start":{"line":35,"column":60},"end":{"line":35,"column":86}},"type":"binary-expr","locations":[{"start":{"line":35,"column":60},"end":{"line":35,"column":66}},{"start":{"line":35,"column":70},"end":{"line":35,"column":86}}]}},"s":{"0":8,"1":8,"2":38,"3":13,"4":9,"5":14,"6":2,"7":0,"8":8,"9":8,"10":15,"11":15,"12":8,"13":8,"14":12,"15":0,"16":12,"17":12,"18":8,"19":8,"20":19,"21":8,"22":8,"23":10,"24":8},"f":{"0":38,"1":15,"2":12,"3":19,"4":10},"b":{"0":[13,9,14,2,0],"1":[15,12],"2":[0],"3":[12,11],"4":[19,18],"5":[10,9]}}
,"/Users/philihp/work/hathora-et-labora/game/src/board/postMove.ts": {"path":"/Users/philihp/work/hathora-et-labora/game/src/board/postMove.ts","statementMap":{"0":{"start":{"line":1,"column":0},"end":{"line":1,"column":37}},"1":{"start":{"line":2,"column":0},"end":{"line":2,"column":null}},"2":{"start":{"line":10,"column":0},"end":{"line":10,"column":44}},"3":{"start":{"line":11,"column":0},"end":{"line":11,"column":41}},"4":{"start":{"line":12,"column":0},"end":{"line":12,"column":39}},"5":{"start":{"line":13,"column":0},"end":{"line":13,"column":34}},"6":{"start":{"line":14,"column":0},"end":{"line":14,"column":48}},"7":{"start":{"line":16,"column":24},"end":{"line":365,"column":1}},"8":{"start":{"line":17,"column":2},"end":{"line":364,"column":null}},"9":{"start":{"line":18,"column":52},"end":{"line":115,"column":5}},"10":{"start":{"line":19,"column":23},"end":{"line":19,"column":35}},"11":{"start":{"line":32,"column":10},"end":{"line":32,"column":15}},"12":{"start":{"line":35,"column":6},"end":{"line":35,"column":null}},"13":{"start":{"line":37,"column":6},"end":{"line":43,"column":null}},"14":{"start":{"line":38,"column":8},"end":{"line":38,"column":null}},"15":{"start":{"line":39,"column":8},"end":{"line":39,"column":null}},"16":{"start":{"line":40,"column":8},"end":{"line":40,"column":null}},"17":{"start":{"line":41,"column":13},"end":{"line":43,"column":null}},"18":{"start":{"line":42,"column":8},"end":{"line":42,"column":null}},"19":{"start":{"line":45,"column":6},"end":{"line":99,"column":null}},"20":{"start":{"line":46,"column":8},"end":{"line":79,"column":null}},"21":{"start":{"line":47,"column":10},"end":{"line":47,"column":null}},"22":{"start":{"line":48,"column":10},"end":{"line":48,"column":null}},"23":{"start":{"line":49,"column":10},"end":{"line":49,"column":null}},"24":{"start":{"line":51,"column":32},"end":{"line":51,"column":64}},"25":{"start":{"line":52,"column":10},"end":{"line":64,"column":null}},"26":{"start":{"line":53,"column":12},"end":{"line":63,"column":null}},"27":{"start":{"line":57,"column":16},"end":{"line":61,"column":18}},"28":{"start":{"line":58,"column":51},"end":{"line":58,"column":60}},"29":{"start":{"line":59,"column":18},"end":{"line":59,"column":null}},"30":{"start":{"line":59,"column":64},"end":{"line":59,"column":null}},"31":{"start":{"line":60,"column":18},"end":{"line":60,"column":null}},"32":{"start":{"line":67,"column":10},"end":{"line":67,"column":null}},"33":{"start":{"line":68,"column":10},"end":{"line":68,"column":null}},"34":{"start":{"line":69,"column":10},"end":{"line":72,"column":null}},"35":{"start":{"line":69,"column":45},"end":{"line":72,"column":12}},"36":{"start":{"line":73,"column":10},"end":{"line":76,"column":null}},"37":{"start":{"line":74,"column":12},"end":{"line":74,"column":null}},"38":{"start":{"line":75,"column":12},"end":{"line":75,"column":null}},"39":{"start":{"line":77,"column":10},"end":{"line":77,"column":null}},"40":{"start":{"line":78,"column":10},"end":{"line":78,"column":null}},"41":{"start":{"line":81,"column":8},"end":{"line":81,"column":null}},"42":{"start":{"line":82,"column":8},"end":{"line":98,"column":null}},"43":{"start":{"line":84,"column":10},"end":{"line":97,"column":null}},"44":{"start":{"line":101,"column":6},"end":{"line":114,"column":null}},"45":{"start":{"line":116,"column":51},"end":{"line":214,"column":5}},"46":{"start":{"line":117,"column":23},"end":{"line":117,"column":35}},"47":{"start":{"line":130,"column":10},"end":{"line":130,"column":15}},"48":{"start":{"line":133,"column":6},"end":{"line":133,"column":null}},"49":{"start":{"line":135,"column":6},"end":{"line":142,"column":null}},"50":{"start":{"line":136,"column":8},"end":{"line":136,"column":null}},"51":{"start":{"line":137,"column":8},"end":{"line":137,"column":null}},"52":{"start":{"line":138,"column":8},"end":{"line":138,"column":null}},"53":{"start":{"line":139,"column":8},"end":{"line":139,"column":null}},"54":{"start":{"line":140,"column":13},"end":{"line":142,"column":null}},"55":{"start":{"line":141,"column":8},"end":{"line":141,"column":null}},"56":{"start":{"line":144,"column":6},"end":{"line":198,"column":null}},"57":{"start":{"line":145,"column":8},"end":{"line":178,"column":null}},"58":{"start":{"line":146,"column":10},"end":{"line":146,"column":null}},"59":{"start":{"line":147,"column":10},"end":{"line":147,"column":null}},"60":{"start":{"line":148,"column":10},"end":{"line":148,"column":null}},"61":{"start":{"line":150,"column":32},"end":{"line":150,"column":64}},"62":{"start":{"line":151,"column":10},"end":{"line":163,"column":null}},"63":{"start":{"line":152,"column":12},"end":{"line":162,"column":null}},"64":{"start":{"line":156,"column":16},"end":{"line":160,"column":18}},"65":{"start":{"line":157,"column":51},"end":{"line":157,"column":60}},"66":{"start":{"line":158,"column":18},"end":{"line":158,"column":null}},"67":{"start":{"line":158,"column":64},"end":{"line":158,"column":null}},"68":{"start":{"line":159,"column":18},"end":{"line":159,"column":null}},"69":{"start":{"line":166,"column":10},"end":{"line":166,"column":null}},"70":{"start":{"line":167,"column":10},"end":{"line":167,"column":null}},"71":{"start":{"line":168,"column":10},"end":{"line":171,"column":null}},"72":{"start":{"line":168,"column":45},"end":{"line":171,"column":12}},"73":{"start":{"line":172,"column":10},"end":{"line":175,"column":null}},"74":{"start":{"line":173,"column":12},"end":{"line":173,"column":null}},"75":{"start":{"line":174,"column":12},"end":{"line":174,"column":null}},"76":{"start":{"line":176,"column":10},"end":{"line":176,"column":null}},"77":{"start":{"line":177,"column":10},"end":{"line":177,"column":null}},"78":{"start":{"line":180,"column":8},"end":{"line":180,"column":null}},"79":{"start":{"line":181,"column":8},"end":{"line":197,"column":null}},"80":{"start":{"line":183,"column":10},"end":{"line":196,"column":null}},"81":{"start":{"line":200,"column":6},"end":{"line":213,"column":null}},"82":{"start":{"line":215,"column":48},"end":{"line":261,"column":5}},"83":{"start":{"line":216,"column":6},"end":{"line":216,"column":null}},"84":{"start":{"line":216,"column":39},"end":{"line":216,"column":null}},"85":{"start":{"line":217,"column":6},"end":{"line":217,"column":null}},"86":{"start":{"line":217,"column":43},"end":{"line":217,"column":null}},"87":{"start":{"line":218,"column":6},"end":{"line":218,"column":null}},"88":{"start":{"line":218,"column":37},"end":{"line":218,"column":null}},"89":{"start":{"line":219,"column":6},"end":{"line":219,"column":null}},"90":{"start":{"line":219,"column":38},"end":{"line":219,"column":null}},"91":{"start":{"line":220,"column":6},"end":{"line":220,"column":null}},"92":{"start":{"line":220,"column":38},"end":{"line":220,"column":null}},"93":{"start":{"line":222,"column":100},"end":{"line":222,"column":105}},"94":{"start":{"line":223,"column":21},"end":{"line":223,"column":26}},"95":{"start":{"line":225,"column":6},"end":{"line":227,"column":null}},"96":{"start":{"line":226,"column":8},"end":{"line":226,"column":null}},"97":{"start":{"line":228,"column":6},"end":{"line":228,"column":null}},"98":{"start":{"line":230,"column":6},"end":{"line":249,"column":null}},"99":{"start":{"line":232,"column":8},"end":{"line":232,"column":null}},"100":{"start":{"line":233,"column":8},"end":{"line":233,"column":null}},"101":{"start":{"line":234,"column":8},"end":{"line":237,"column":null}},"102":{"start":{"line":234,"column":43},"end":{"line":237,"column":10}},"103":{"start":{"line":238,"column":8},"end":{"line":241,"column":null}},"104":{"start":{"line":239,"column":10},"end":{"line":239,"column":null}},"105":{"start":{"line":240,"column":10},"end":{"line":240,"column":null}},"106":{"start":{"line":243,"column":8},"end":{"line":243,"column":null}},"107":{"start":{"line":244,"column":8},"end":{"line":244,"column":null}},"108":{"start":{"line":245,"column":13},"end":{"line":249,"column":null}},"109":{"start":{"line":246,"column":31},"end":{"line":246,"column":64}},"110":{"start":{"line":247,"column":8},"end":{"line":247,"column":null}},"111":{"start":{"line":247,"column":42},"end":{"line":247,"column":null}},"112":{"start":{"line":248,"column":8},"end":{"line":248,"column":null}},"113":{"start":{"line":251,"column":6},"end":{"line":260,"column":null}},"114":{"start":{"line":262,"column":55},"end":{"line":310,"column":5}},"115":{"start":{"line":263,"column":6},"end":{"line":263,"column":null}},"116":{"start":{"line":263,"column":39},"end":{"line":263,"column":null}},"117":{"start":{"line":264,"column":6},"end":{"line":264,"column":null}},"118":{"start":{"line":264,"column":43},"end":{"line":264,"column":null}},"119":{"start":{"line":265,"column":6},"end":{"line":265,"column":null}},"120":{"start":{"line":265,"column":38},"end":{"line":265,"column":null}},"121":{"start":{"line":266,"column":6},"end":{"line":266,"column":null}},"122":{"start":{"line":266,"column":37},"end":{"line":266,"column":null}},"123":{"start":{"line":267,"column":6},"end":{"line":267,"column":null}},"124":{"start":{"line":267,"column":38},"end":{"line":267,"column":null}},"125":{"start":{"line":268,"column":6},"end":{"line":268,"column":null}},"126":{"start":{"line":268,"column":46},"end":{"line":268,"column":null}},"127":{"start":{"line":270,"column":100},"end":{"line":270,"column":105}},"128":{"start":{"line":271,"column":21},"end":{"line":271,"column":26}},"129":{"start":{"line":272,"column":34},"end":{"line":272,"column":39}},"130":{"start":{"line":273,"column":6},"end":{"line":273,"column":null}},"131":{"start":{"line":275,"column":6},"end":{"line":297,"column":null}},"132":{"start":{"line":276,"column":8},"end":{"line":276,"column":null}},"133":{"start":{"line":277,"column":8},"end":{"line":291,"column":null}},"134":{"start":{"line":279,"column":10},"end":{"line":279,"column":null}},"135":{"start":{"line":280,"column":10},"end":{"line":280,"column":null}},"136":{"start":{"line":281,"column":10},"end":{"line":284,"column":null}},"137":{"start":{"line":281,"column":45},"end":{"line":284,"column":12}},"138":{"start":{"line":285,"column":10},"end":{"line":288,"column":null}},"139":{"start":{"line":286,"column":12},"end":{"line":286,"column":null}},"140":{"start":{"line":287,"column":12},"end":{"line":287,"column":null}},"141":{"start":{"line":289,"column":10},"end":{"line":289,"column":null}},"142":{"start":{"line":290,"column":10},"end":{"line":290,"column":null}},"143":{"start":{"line":292,"column":13},"end":{"line":297,"column":null}},"144":{"start":{"line":293,"column":8},"end":{"line":293,"column":null}},"145":{"start":{"line":294,"column":31},"end":{"line":294,"column":64}},"146":{"start":{"line":295,"column":8},"end":{"line":295,"column":null}},"147":{"start":{"line":295,"column":42},"end":{"line":295,"column":null}},"148":{"start":{"line":296,"column":8},"end":{"line":296,"column":null}},"149":{"start":{"line":299,"column":6},"end":{"line":309,"column":null}},"150":{"start":{"line":311,"column":44},"end":{"line":363,"column":5}},"151":{"start":{"line":312,"column":6},"end":{"line":312,"column":null}},"152":{"start":{"line":312,"column":38},"end":{"line":312,"column":null}},"153":{"start":{"line":313,"column":6},"end":{"line":313,"column":null}},"154":{"start":{"line":313,"column":39},"end":{"line":313,"column":null}},"155":{"start":{"line":314,"column":6},"end":{"line":314,"column":null}},"156":{"start":{"line":314,"column":43},"end":{"line":314,"column":null}},"157":{"start":{"line":315,"column":6},"end":{"line":315,"column":null}},"158":{"start":{"line":315,"column":37},"end":{"line":315,"column":null}},"159":{"start":{"line":316,"column":6},"end":{"line":316,"column":null}},"160":{"start":{"line":316,"column":38},"end":{"line":316,"column":null}},"161":{"start":{"line":317,"column":6},"end":{"line":317,"column":null}},"162":{"start":{"line":317,"column":46},"end":{"line":317,"column":null}},"163":{"start":{"line":319,"column":21},"end":{"line":319,"column":26}},"164":{"start":{"line":320,"column":112},"end":{"line":320,"column":117}},"165":{"start":{"line":321,"column":6},"end":{"line":321,"column":null}},"166":{"start":{"line":322,"column":6},"end":{"line":322,"column":null}},"167":{"start":{"line":324,"column":6},"end":{"line":329,"column":null}},"168":{"start":{"line":326,"column":8},"end":{"line":326,"column":null}},"169":{"start":{"line":327,"column":8},"end":{"line":327,"column":null}},"170":{"start":{"line":328,"column":8},"end":{"line":328,"column":null}},"171":{"start":{"line":331,"column":6},"end":{"line":349,"column":null}},"172":{"start":{"line":333,"column":8},"end":{"line":333,"column":null}},"173":{"start":{"line":334,"column":8},"end":{"line":334,"column":null}},"174":{"start":{"line":335,"column":8},"end":{"line":338,"column":null}},"175":{"start":{"line":335,"column":43},"end":{"line":338,"column":10}},"176":{"start":{"line":339,"column":8},"end":{"line":342,"column":null}},"177":{"start":{"line":340,"column":10},"end":{"line":340,"column":null}},"178":{"start":{"line":341,"column":10},"end":{"line":341,"column":null}},"179":{"start":{"line":343,"column":8},"end":{"line":343,"column":null}},"180":{"start":{"line":344,"column":8},"end":{"line":344,"column":null}},"181":{"start":{"line":345,"column":13},"end":{"line":349,"column":null}},"182":{"start":{"line":346,"column":31},"end":{"line":346,"column":61}},"183":{"start":{"line":347,"column":8},"end":{"line":347,"column":null}},"184":{"start":{"line":347,"column":42},"end":{"line":347,"column":null}},"185":{"start":{"line":348,"column":8},"end":{"line":348,"column":null}},"186":{"start":{"line":351,"column":6},"end":{"line":362,"column":null}},"187":{"start":{"line":364,"column":21},"end":{"line":364,"column":36}},"188":{"start":{"line":364,"column":27},"end":{"line":364,"column":36}},"189":{"start":{"line":16,"column":13},"end":{"line":16,"column":24}}},"fnMap":{"0":{"name":"(anonymous_0)","decl":{"start":{"line":16,"column":24},"end":{"line":16,"column":25}},"loc":{"start":{"line":16,"column":77},"end":{"line":365,"column":1}}},"1":{"name":"(anonymous_1)","decl":{"start":{"line":18,"column":46},"end":{"line":18,"column":49}},"loc":{"start":{"line":18,"column":52},"end":{"line":115,"column":5}}},"2":{"name":"(anonymous_2)","decl":{"start":{"line":18,"column":52},"end":{"line":18,"column":53}},"loc":{"start":{"line":18,"column":80},"end":{"line":115,"column":5}}},"3":{"name":"(anonymous_3)","decl":{"start":{"line":56,"column":50},"end":{"line":56,"column":51}},"loc":{"start":{"line":57,"column":16},"end":{"line":61,"column":18}}},"4":{"name":"(anonymous_4)","decl":{"start":{"line":57,"column":28},"end":{"line":57,"column":29}},"loc":{"start":{"line":57,"column":42},"end":{"line":61,"column":17}}},"5":{"name":"(anonymous_5)","decl":{"start":{"line":69,"column":32},"end":{"line":69,"column":33}},"loc":{"start":{"line":69,"column":45},"end":{"line":72,"column":12}}},"6":{"name":"(anonymous_6)","decl":{"start":{"line":116,"column":45},"end":{"line":116,"column":48}},"loc":{"start":{"line":116,"column":51},"end":{"line":214,"column":5}}},"7":{"name":"(anonymous_7)","decl":{"start":{"line":116,"column":51},"end":{"line":116,"column":52}},"loc":{"start":{"line":116,"column":79},"end":{"line":214,"column":5}}},"8":{"name":"(anonymous_8)","decl":{"start":{"line":155,"column":50},"end":{"line":155,"column":51}},"loc":{"start":{"line":156,"column":16},"end":{"line":160,"column":18}}},"9":{"name":"(anonymous_9)","decl":{"start":{"line":156,"column":28},"end":{"line":156,"column":29}},"loc":{"start":{"line":156,"column":42},"end":{"line":160,"column":17}}},"10":{"name":"(anonymous_10)","decl":{"start":{"line":168,"column":32},"end":{"line":168,"column":33}},"loc":{"start":{"line":168,"column":45},"end":{"line":171,"column":12}}},"11":{"name":"(anonymous_11)","decl":{"start":{"line":215,"column":42},"end":{"line":215,"column":45}},"loc":{"start":{"line":215,"column":48},"end":{"line":261,"column":5}}},"12":{"name":"(anonymous_12)","decl":{"start":{"line":215,"column":48},"end":{"line":215,"column":49}},"loc":{"start":{"line":215,"column":76},"end":{"line":261,"column":5}}},"13":{"name":"(anonymous_13)","decl":{"start":{"line":234,"column":30},"end":{"line":234,"column":31}},"loc":{"start":{"line":234,"column":43},"end":{"line":237,"column":10}}},"14":{"name":"(anonymous_14)","decl":{"start":{"line":262,"column":43},"end":{"line":262,"column":44}},"loc":{"start":{"line":262,"column":55},"end":{"line":310,"column":5}}},"15":{"name":"(anonymous_15)","decl":{"start":{"line":262,"column":55},"end":{"line":262,"column":56}},"loc":{"start":{"line":262,"column":83},"end":{"line":310,"column":5}}},"16":{"name":"(anonymous_16)","decl":{"start":{"line":281,"column":32},"end":{"line":281,"column":33}},"loc":{"start":{"line":281,"column":45},"end":{"line":284,"column":12}}},"17":{"name":"(anonymous_17)","decl":{"start":{"line":311,"column":38},"end":{"line":311,"column":41}},"loc":{"start":{"line":311,"column":44},"end":{"line":363,"column":5}}},"18":{"name":"(anonymous_18)","decl":{"start":{"line":311,"column":44},"end":{"line":311,"column":45}},"loc":{"start":{"line":311,"column":72},"end":{"line":363,"column":5}}},"19":{"name":"(anonymous_19)","decl":{"start":{"line":335,"column":30},"end":{"line":335,"column":31}},"loc":{"start":{"line":335,"column":43},"end":{"line":338,"column":10}}},"20":{"name":"(anonymous_20)","decl":{"start":{"line":364,"column":15},"end":{"line":364,"column":18}},"loc":{"start":{"line":364,"column":21},"end":{"line":364,"column":36}}},"21":{"name":"(anonymous_21)","decl":{"start":{"line":364,"column":21},"end":{"line":364,"column":24}},"loc":{"start":{"line":364,"column":27},"end":{"line":364,"column":36}}}},"branchMap":{"0":{"loc":{"start":{"line":37,"column":6},"end":{"line":43,"column":null}},"type":"if","locations":[{"start":{"line":37,"column":6},"end":{"line":43,"column":null}},{"start":{"line":41,"column":13},"end":{"line":43,"column":null}}]},"1":{"loc":{"start":{"line":37,"column":10},"end":{"line":37,"column":47}},"type":"binary-expr","locations":[{"start":{"line":37,"column":10},"end":{"line":37,"column":26}},{"start":{"line":37,"column":30},"end":{"line":37,"column":47}}]},"2":{"loc":{"start":{"line":41,"column":13},"end":{"line":43,"column":null}},"type":"if","locations":[{"start":{"line":41,"column":13},"end":{"line":43,"column":null}}]},"3":{"loc":{"start":{"line":45,"column":6},"end":{"line":99,"column":null}},"type":"if","locations":[{"start":{"line":45,"column":6},"end":{"line":99,"column":null}},{"start":{"line":80,"column":13},"end":{"line":99,"column":null}}]},"4":{"loc":{"start":{"line":45,"column":10},"end":{"line":45,"column":50}},"type":"binary-expr","locations":[{"start":{"line":45,"column":10},"end":{"line":45,"column":18}},{"start":{"line":45,"column":22},"end":{"line":45,"column":50}}]},"5":{"loc":{"start":{"line":46,"column":8},"end":{"line":79,"column":null}},"type":"if","locations":[{"start":{"line":46,"column":8},"end":{"line":79,"column":null}},{"start":{"line":65,"column":15},"end":{"line":79,"column":null}}]},"6":{"loc":{"start":{"line":52,"column":10},"end":{"line":64,"column":null}},"type":"if","locations":[{"start":{"line":52,"column":10},"end":{"line":64,"column":null}}]},"7":{"loc":{"start":{"line":59,"column":18},"end":{"line":59,"column":null}},"type":"if","locations":[{"start":{"line":59,"column":18},"end":{"line":59,"column":null}}]},"8":{"loc":{"start":{"line":59,"column":22},"end":{"line":59,"column":62}},"type":"binary-expr","locations":[{"start":{"line":59,"column":22},"end":{"line":59,"column":28}},{"start":{"line":59,"column":32},"end":{"line":59,"column":62}}]},"9":{"loc":{"start":{"line":73,"column":10},"end":{"line":76,"column":null}},"type":"if","locations":[{"start":{"line":73,"column":10},"end":{"line":76,"column":null}}]},"10":{"loc":{"start":{"line":82,"column":8},"end":{"line":98,"column":null}},"type":"if","locations":[{"start":{"line":82,"column":8},"end":{"line":98,"column":null}}]},"11":{"loc":{"start":{"line":82,"column":12},"end":{"line":82,"column":40}},"type":"binary-expr","locations":[{"start":{"line":82,"column":12},"end":{"line":82,"column":21}},{"start":{"line":82,"column":25},"end":{"line":82,"column":40}}]},"12":{"loc":{"start":{"line":135,"column":6},"end":{"line":142,"column":null}},"type":"if","locations":[{"start":{"line":135,"column":6},"end":{"line":142,"column":null}},{"start":{"line":140,"column":13},"end":{"line":142,"column":null}}]},"13":{"loc":{"start":{"line":140,"column":13},"end":{"line":142,"column":null}},"type":"if","locations":[{"start":{"line":140,"column":13},"end":{"line":142,"column":null}}]},"14":{"loc":{"start":{"line":144,"column":6},"end":{"line":198,"column":null}},"type":"if","locations":[{"start":{"line":144,"column":6},"end":{"line":198,"column":null}},{"start":{"line":179,"column":13},"end":{"line":198,"column":null}}]},"15":{"loc":{"start":{"line":144,"column":10},"end":{"line":144,"column":50}},"type":"binary-expr","locations":[{"start":{"line":144,"column":10},"end":{"line":144,"column":18}},{"start":{"line":144,"column":22},"end":{"line":144,"column":50}}]},"16":{"loc":{"start":{"line":145,"column":8},"end":{"line":178,"column":null}},"type":"if","locations":[{"start":{"line":145,"column":8},"end":{"line":178,"column":null}},{"start":{"line":164,"column":15},"end":{"line":178,"column":null}}]},"17":{"loc":{"start":{"line":151,"column":10},"end":{"line":163,"column":null}},"type":"if","locations":[{"start":{"line":151,"column":10},"end":{"line":163,"column":null}}]},"18":{"loc":{"start":{"line":158,"column":18},"end":{"line":158,"column":null}},"type":"if","locations":[{"start":{"line":158,"column":18},"end":{"line":158,"column":null}}]},"19":{"loc":{"start":{"line":158,"column":22},"end":{"line":158,"column":62}},"type":"binary-expr","locations":[{"start":{"line":158,"column":22},"end":{"line":158,"column":28}},{"start":{"line":158,"column":32},"end":{"line":158,"column":62}}]},"20":{"loc":{"start":{"line":172,"column":10},"end":{"line":175,"column":null}},"type":"if","locations":[{"start":{"line":172,"column":10},"end":{"line":175,"column":null}}]},"21":{"loc":{"start":{"line":181,"column":8},"end":{"line":197,"column":null}},"type":"if","locations":[{"start":{"line":181,"column":8},"end":{"line":197,"column":null}}]},"22":{"loc":{"start":{"line":181,"column":12},"end":{"line":181,"column":40}},"type":"binary-expr","locations":[{"start":{"line":181,"column":12},"end":{"line":181,"column":21}},{"start":{"line":181,"column":25},"end":{"line":181,"column":40}}]},"23":{"loc":{"start":{"line":216,"column":6},"end":{"line":216,"column":null}},"type":"if","locations":[{"start":{"line":216,"column":6},"end":{"line":216,"column":null}}]},"24":{"loc":{"start":{"line":217,"column":6},"end":{"line":217,"column":null}},"type":"if","locations":[{"start":{"line":217,"column":6},"end":{"line":217,"column":null}}]},"25":{"loc":{"start":{"line":218,"column":6},"end":{"line":218,"column":null}},"type":"if","locations":[{"start":{"line":218,"column":6},"end":{"line":218,"column":null}}]},"26":{"loc":{"start":{"line":219,"column":6},"end":{"line":219,"column":null}},"type":"if","locations":[{"start":{"line":219,"column":6},"end":{"line":219,"column":null}}]},"27":{"loc":{"start":{"line":220,"column":6},"end":{"line":220,"column":null}},"type":"if","locations":[{"start":{"line":220,"column":6},"end":{"line":220,"column":null}}]},"28":{"loc":{"start":{"line":225,"column":6},"end":{"line":227,"column":null}},"type":"if","locations":[{"start":{"line":225,"column":6},"end":{"line":227,"column":null}}]},"29":{"loc":{"start":{"line":225,"column":10},"end":{"line":225,"column":39}},"type":"binary-expr","locations":[{"start":{"line":225,"column":10},"end":{"line":225,"column":27}},{"start":{"line":225,"column":31},"end":{"line":225,"column":39}}]},"30":{"loc":{"start":{"line":230,"column":6},"end":{"line":249,"column":null}},"type":"if","locations":[{"start":{"line":230,"column":6},"end":{"line":249,"column":null}},{"start":{"line":245,"column":13},"end":{"line":249,"column":null}}]},"31":{"loc":{"start":{"line":230,"column":10},"end":{"line":230,"column":39}},"type":"binary-expr","locations":[{"start":{"line":230,"column":10},"end":{"line":230,"column":18}},{"start":{"line":230,"column":22},"end":{"line":230,"column":39}}]},"32":{"loc":{"start":{"line":238,"column":8},"end":{"line":241,"column":null}},"type":"if","locations":[{"start":{"line":238,"column":8},"end":{"line":241,"column":null}}]},"33":{"loc":{"start":{"line":245,"column":13},"end":{"line":249,"column":null}},"type":"if","locations":[{"start":{"line":245,"column":13},"end":{"line":249,"column":null}}]},"34":{"loc":{"start":{"line":245,"column":17},"end":{"line":245,"column":47}},"type":"binary-expr","locations":[{"start":{"line":245,"column":17},"end":{"line":245,"column":26}},{"start":{"line":245,"column":30},"end":{"line":245,"column":47}}]},"35":{"loc":{"start":{"line":247,"column":8},"end":{"line":247,"column":null}},"type":"if","locations":[{"start":{"line":247,"column":8},"end":{"line":247,"column":null}}]},"36":{"loc":{"start":{"line":263,"column":6},"end":{"line":263,"column":null}},"type":"if","locations":[{"start":{"line":263,"column":6},"end":{"line":263,"column":null}}]},"37":{"loc":{"start":{"line":264,"column":6},"end":{"line":264,"column":null}},"
[...]
column":3},"end":{"line":30,"column":13}},"type":"default-arg","locations":[{"start":{"line":30,"column":12},"end":{"line":30,"column":13}}]},"10":{"loc":{"start":{"line":33,"column":14},"end":{"line":33,"column":33}},"type":"binary-expr","locations":[{"start":{"line":33,"column":14},"end":{"line":33,"column":28}},{"start":{"line":33,"column":32},"end":{"line":33,"column":33}}]},"11":{"loc":{"start":{"line":34,"column":12},"end":{"line":34,"column":29}},"type":"binary-expr","locations":[{"start":{"line":34,"column":12},"end":{"line":34,"column":24}},{"start":{"line":34,"column":28},"end":{"line":34,"column":29}}]},"12":{"loc":{"start":{"line":38,"column":3},"end":{"line":38,"column":13}},"type":"default-arg","locations":[{"start":{"line":38,"column":12},"end":{"line":38,"column":13}}]},"13":{"loc":{"start":{"line":46,"column":11},"end":{"line":46,"column":38}},"type":"binary-expr","locations":[{"start":{"line":46,"column":11},"end":{"line":46,"column":22}},{"start":{"line":46,"column":26},"end":{"line":46,"column":38}}]},"14":{"loc":{"start":{"line":50,"column":4},"end":{"line":53,"column":null}},"type":"if","locations":[{"start":{"line":50,"column":4},"end":{"line":53,"column":null}}]},"15":{"loc":{"start":{"line":50,"column":8},"end":{"line":50,"column":44}},"type":"binary-expr","locations":[{"start":{"line":50,"column":8},"end":{"line":50,"column":19}},{"start":{"line":50,"column":23},"end":{"line":50,"column":44}}]},"16":{"loc":{"start":{"line":54,"column":11},"end":{"line":54,"column":39}},"type":"binary-expr","locations":[{"start":{"line":54,"column":11},"end":{"line":54,"column":22}},{"start":{"line":54,"column":26},"end":{"line":54,"column":39}}]},"17":{"loc":{"start":{"line":68,"column":4},"end":{"line":70,"column":null}},"type":"if","locations":[{"start":{"line":68,"column":4},"end":{"line":70,"column":null}}]},"18":{"loc":{"start":{"line":68,"column":8},"end":{"line":68,"column":34}},"type":"binary-expr","locations":[{"start":{"line":68,"column":8},"end":{"line":68,"column":19}},{"start":{"line":68,"column":23},"end":{"line":68,"column":34}}]}},"s":{"0":8,"1":8,"2":8,"3":0,"4":0,"5":8,"6":0,"7":0,"8":8,"9":0,"10":0,"11":8,"12":0,"13":0,"14":8,"15":0,"16":0,"17":0,"18":0,"19":0,"20":0,"21":0,"22":0,"23":0,"24":0,"25":0,"26":0,"27":0,"28":0,"29":0,"30":8,"31":0,"32":0,"33":0,"34":0,"35":8},"f":{"0":0,"1":0,"2":0,"3":0,"4":0,"5":0,"6":0,"7":0,"8":0,"9":0,"10":0,"11":0},"b":{"0":[0],"1":[0,0],"2":[0,0],"3":[0],"4":[0,0],"5":[0,0],"6":[0],"7":[0,0],"8":[0,0],"9":[0],"10":[0,0],"11":[0,0],"12":[0],"13":[0,0],"14":[0],"15":[0,0],"16":[0,0],"17":[0],"18":[0,0]}}
,"/Users/philihp/work/hathora-et-labora/game/src/commands/cutPeat.ts": {"path":"/Users/philihp/work/hathora-et-labora/game/src/commands/cutPeat.ts","statementMap":{"0":{"start":{"line":1,"column":0},"end":{"line":1,"column":54}},"1":{"start":{"line":2,"column":0},"end":{"line":2,"column":98}},"2":{"start":{"line":3,"column":0},"end":{"line":3,"column":37}},"3":{"start":{"line":6,"column":2},"end":{"line":35,"column":3}},"4":{"start":{"line":7,"column":2},"end":{"line":35,"column":3}},"5":{"start":{"line":8,"column":28},"end":{"line":8,"column":64}},"6":{"start":{"line":10,"column":4},"end":{"line":10,"column":null}},"7":{"start":{"line":10,"column":30},"end":{"line":10,"column":null}},"8":{"start":{"line":11,"column":4},"end":{"line":11,"column":null}},"9":{"start":{"line":11,"column":40},"end":{"line":11,"column":null}},"10":{"start":{"line":12,"column":17},"end":{"line":12,"column":47}},"11":{"start":{"line":13,"column":4},"end":{"line":13,"column":null}},"12":{"start":{"line":13,"column":28},"end":{"line":13,"column":null}},"13":{"start":{"line":14,"column":29},"end":{"line":14,"column":33}},"14":{"start":{"line":15,"column":4},"end":{"line":15,"column":null}},"15":{"start":{"line":15,"column":40},"end":{"line":15,"column":null}},"16":{"start":{"line":17,"column":44},"end":{"line":17,"column":56}},"17":{"start":{"line":19,"column":4},"end":{"line":34,"column":null}},"18":{"start":{"line":5,"column":13},"end":{"line":5,"column":null}}},"fnMap":{"0":{"name":"(anonymous_0)","decl":{"start":{"line":6,"column":2},"end":{"line":6,"column":3}},"loc":{"start":{"line":7,"column":2},"end":{"line":35,"column":3}}},"1":{"name":"(anonymous_1)","decl":{"start":{"line":7,"column":2},"end":{"line":7,"column":3}},"loc":{"start":{"line":7,"column":60},"end":{"line":35,"column":3}}}},"branchMap":{"0":{"loc":{"start":{"line":10,"column":4},"end":{"line":10,"column":null}},"type":"if","locations":[{"start":{"line":10,"column":4},"end":{"line":10,"column":null}}]},"1":{"loc":{"start":{"line":11,"column":4},"end":{"line":11,"column":null}},"type":"if","locations":[{"start":{"line":11,"column":4},"end":{"line":11,"column":null}}]},"2":{"loc":{"start":{"line":13,"column":4},"end":{"line":13,"column":null}},"type":"if","locations":[{"start":{"line":13,"column":4},"end":{"line":13,"column":null}}]},"3":{"loc":{"start":{"line":15,"column":4},"end":{"line":15,"column":null}},"type":"if","locations":[{"start":{"line":15,"column":4},"end":{"line":15,"column":null}}]},"4":{"loc":{"start":{"line":22,"column":49},"end":{"line":22,"column":92}},"type":"binary-expr","locations":[{"start":{"line":22,"column":50},"end":{"line":22,"column":73}},{"start":{"line":22,"column":78},"end":{"line":22,"column":92}}]},"5":{"loc":{"start":{"line":22,"column":50},"end":{"line":22,"column":73}},"type":"cond-expr","locations":[{"start":{"line":22,"column":61},"end":{"line":22,"column":66}},{"start":{"line":22,"column":69},"end":{"line":22,"column":73}}]},"6":{"loc":{"start":{"line":31,"column":15},"end":{"line":31,"column":48}},"type":"cond-expr","locations":[{"start":{"line":31,"column":26},"end":{"line":31,"column":40}},{"start":{"line":31,"column":43},"end":{"line":31,"column":48}}]},"7":{"loc":{"start":{"line":32,"column":14},"end":{"line":32,"column":48}},"type":"cond-expr","locations":[{"start":{"line":32,"column":26},"end":{"line":32,"column":40}},{"start":{"line":32,"column":43},"end":{"line":32,"column":48}}]}},"s":{"0":8,"1":8,"2":8,"3":8,"4":0,"5":0,"6":0,"7":0,"8":0,"9":0,"10":0,"11":0,"12":0,"13":0,"14":0,"15":0,"16":0,"17":0,"18":8},"f":{"0":0,"1":0},"b":{"0":[0],"1":[0],"2":[0],"3":[0],"4":[0,0],"5":[0,0],"6":[0,0],"7":[0,0]}}
,"/Users/philihp/work/hathora-et-labora/game/src/commands/fellTrees.ts": {"path":"/Users/philihp/work/hathora-et-labora/game/src/commands/fellTrees.ts","statementMap":{"0":{"start":{"line":1,"column":0},"end":{"line":1,"column":54}},"1":{"start":{"line":2,"column":0},"end":{"line":2,"column":100}},"2":{"start":{"line":3,"column":0},"end":{"line":3,"column":37}},"3":{"start":{"line":6,"column":2},"end":{"line":35,"column":3}},"4":{"start":{"line":7,"column":2},"end":{"line":35,"column":3}},"5":{"start":{"line":8,"column":28},"end":{"line":8,"column":64}},"6":{"start":{"line":10,"column":4},"end":{"line":10,"column":null}},"7":{"start":{"line":10,"column":30},"end":{"line":10,"column":null}},"8":{"start":{"line":11,"column":4},"end":{"line":11,"column":null}},"9":{"start":{"line":11,"column":40},"end":{"line":11,"column":null}},"10":{"start":{"line":12,"column":17},"end":{"line":12,"column":47}},"11":{"start":{"line":13,"column":4},"end":{"line":13,"column":null}},"12":{"start":{"line":13,"column":28},"end":{"line":13,"column":null}},"13":{"start":{"line":14,"column":29},"end":{"line":14,"column":33}},"14":{"start":{"line":15,"column":4},"end":{"line":15,"column":null}},"15":{"start":{"line":15,"column":42},"end":{"line":15,"column":null}},"16":{"start":{"line":17,"column":44},"end":{"line":17,"column":56}},"17":{"start":{"line":19,"column":4},"end":{"line":34,"column":null}},"18":{"start":{"line":5,"column":13},"end":{"line":5,"column":null}}},"fnMap":{"0":{"name":"(anonymous_0)","decl":{"start":{"line":6,"column":2},"end":{"line":6,"column":3}},"loc":{"start":{"line":7,"column":2},"end":{"line":35,"column":3}}},"1":{"name":"(anonymous_1)","decl":{"start":{"line":7,"column":2},"end":{"line":7,"column":3}},"loc":{"start":{"line":7,"column":60},"end":{"line":35,"column":3}}}},"branchMap":{"0":{"loc":{"start":{"line":10,"column":4},"end":{"line":10,"column":null}},"type":"if","locations":[{"start":{"line":10,"column":4},"end":{"line":10,"column":null}}]},"1":{"loc":{"start":{"line":11,"column":4},"end":{"line":11,"column":null}},"type":"if","locations":[{"start":{"line":11,"column":4},"end":{"line":11,"column":null}}]},"2":{"loc":{"start":{"line":13,"column":4},"end":{"line":13,"column":null}},"type":"if","locations":[{"start":{"line":13,"column":4},"end":{"line":13,"column":null}}]},"3":{"loc":{"start":{"line":15,"column":4},"end":{"line":15,"column":null}},"type":"if","locations":[{"start":{"line":15,"column":4},"end":{"line":15,"column":null}}]},"4":{"loc":{"start":{"line":22,"column":49},"end":{"line":22,"column":92}},"type":"binary-expr","locations":[{"start":{"line":22,"column":50},"end":{"line":22,"column":73}},{"start":{"line":22,"column":78},"end":{"line":22,"column":92}}]},"5":{"loc":{"start":{"line":22,"column":50},"end":{"line":22,"column":73}},"type":"cond-expr","locations":[{"start":{"line":22,"column":61},"end":{"line":22,"column":66}},{"start":{"line":22,"column":69},"end":{"line":22,"column":73}}]},"6":{"loc":{"start":{"line":31,"column":15},"end":{"line":31,"column":48}},"type":"cond-expr","locations":[{"start":{"line":31,"column":26},"end":{"line":31,"column":40}},{"start":{"line":31,"column":43},"end":{"line":31,"column":48}}]},"7":{"loc":{"start":{"line":32,"column":14},"end":{"line":32,"column":48}},"type":"cond-expr","locations":[{"start":{"line":32,"column":26},"end":{"line":32,"column":40}},{"start":{"line":32,"column":43},"end":{"line":32,"column":48}}]}},"s":{"0":8,"1":8,"2":8,"3":8,"4":0,"5":0,"6":0,"7":0,"8":0,"9":0,"10":0,"11":0,"12":0,"13":0,"14":0,"15":0,"16":0,"17":0,"18":8},"f":{"0":0,"1":0},"b":{"0":[0],"1":[0],"2":[0],"3":[0],"4":[0,0],"5":[0,0],"6":[0,0],"7":[0,0]}}
,"/Users/philihp/work/hathora-et-labora/game/src/commands/start.ts": {"path":"/Users/philihp/work/hathora-et-labora/game/src/commands/start.ts","statementMap":{"0":{"start":{"line":1,"column":0},"end":{"line":1,"column":38}},"1":{"start":{"line":2,"column":0},"end":{"line":2,"column":56}},"2":{"start":{"line":3,"column":0},"end":{"line":3,"column":51}},"3":{"start":{"line":4,"column":0},"end":{"line":4,"column":61}},"4":{"start":{"line":5,"column":0},"end":{"line":5,"column":48}},"5":{"start":{"line":6,"column":0},"end":{"line":6,"column":42}},"6":{"start":{"line":7,"column":0},"end":{"line":7,"column":55}},"7":{"start":{"line":8,"column":0},"end":{"line":8,"column":null}},"8":{"start":{"line":18,"column":21},"end":{"line":102,"column":1}},"9":{"start":{"line":22,"column":2},"end":{"line":22,"column":null}},"10":{"start":{"line":22,"column":34},"end":{"line":22,"column":null}},"11":{"start":{"line":23,"column":2},"end":{"line":23,"column":null}},"12":{"start":{"line":23,"column":34},"end":{"line":23,"column":null}},"13":{"start":{"line":24,"column":2},"end":{"line":24,"column":null}},"14":{"start":{"line":24,"column":42},"end":{"line":24,"column":null}},"15":{"start":{"line":25,"column":2},"end":{"line":25,"column":null}},"16":{"start":{"line":25,"column":46},"end":{"line":25,"column":null}},"17":{"start":{"line":27,"column":19},"end":{"line":27,"column":35}},"18":{"start":{"line":28,"column":38},"end":{"line":28,"column":56}},"19":{"start":{"line":29,"column":37},"end":{"line":29,"column":81}},"20":{"start":{"line":30,"column":25},"end":{"line":30,"column":61}},"21":{"start":{"line":32,"column":18},"end":{"line":67,"column":7}},"22":{"start":{"line":61,"column":25},"end":{"line":67,"column":6}},"23":{"start":{"line":69,"column":37},"end":{"line":99,"column":null}},"24":{"start":{"line":101,"column":2},"end":{"line":101,"column":null}},"25":{"start":{"line":18,"column":13},"end":{"line":18,"column":21}}},"fnMap":{"0":{"name":"(anonymous_1)","decl":{"start":{"line":18,"column":21},"end":{"line":18,"column":null}},"loc":{"start":{"line":21,"column":34},"end":{"line":102,"column":1}}},"1":{"name":"(anonymous_2)","decl":{"start":{"line":61,"column":9},"end":{"line":61,"column":10}},"loc":{"start":{"line":61,"column":25},"end":{"line":67,"column":6}}}},"branchMap":{"0":{"loc":{"start":{"line":22,"column":2},"end":{"line":22,"column":null}},"type":"if","locations":[{"start":{"line":22,"column":2},"end":{"line":22,"column":null}}]},"1":{"loc":{"start":{"line":23,"column":2},"end":{"line":23,"column":null}},"type":"if","locations":[{"start":{"line":23,"column":2},"end":{"line":23,"column":null}}]},"2":{"loc":{"start":{"line":24,"column":2},"end":{"line":24,"column":null}},"type":"if","locations":[{"start":{"line":24,"column":2},"end":{"line":24,"column":null}}]},"3":{"loc":{"start":{"line":25,"column":2},"end":{"line":25,"column":null}},"type":"if","locations":[{"start":{"line":25,"column":2},"end":{"line":25,"column":null}}]}},"s":{"0":8,"1":8,"2":8,"3":8,"4":8,"5":8,"6":8,"7":8,"8":8,"9":13,"10":0,"11":13,"12":0,"13":13,"14":0,"15":13,"16":0,"17":13,"18":13,"19":13,"20":13,"21":13,"22":37,"23":13,"24":13,"25":8},"f":{"0":13,"1":37},"b":{"0":[0],"1":[0],"2":[0],"3":[0]}}
,"/Users/philihp/work/hathora-et-labora/game/src/commands/use.ts": {"path":"/Users/philihp/work/hathora-et-labora/game/src/commands/use.ts","statementMap":{"0":{"start":{"line":1,"column":0},"end":{"line":1,"column":28}},"1":{"start":{"line":2,"column":0},"end":{"line":2,"column":37}},"2":{"start":{"line":3,"column":0},"end":{"line":3,"column":77}},"3":{"start":{"line":4,"column":0},"end":{"line":4,"column":50}},"4":{"start":{"line":5,"column":0},"end":{"line":5,"column":48}},"5":{"start":{"line":6,"column":0},"end":{"line":6,"column":56}},"6":{"start":{"line":7,"column":0},"end":{"line":7,"column":63}},"7":{"start":{"line":9,"column":28},"end":{"line":21,"column":1}},"8":{"start":{"line":12,"column":2},"end":{"line":19,"column":null}},"9":{"start":{"line":13,"column":4},"end":{"line":18,"column":null}},"10":{"start":{"line":14,"column":6},"end":{"line":17,"column":null}},"11":{"start":{"line":15,"column":8},"end":{"line":15,"column":null}},"12":{"start":{"line":16,"column":8},"end":{"line":16,"column":null}},"13":{"start":{"line":20,"column":2},"end":{"line":20,"column":null}},"14":{"start":{"line":9,"column":13},"end":{"line":9,"column":28}},"15":{"start":{"line":24,"column":2},"end":{"line":51,"column":3}},"16":{"start":{"line":25,"column":2},"end":{"line":51,"column":3}},"17":{"start":{"line":26,"column":4},"end":{"line":26,"column":null}},"18":{"start":{"line":26,"column":29},"end":{"line":26,"column":null}},"19":{"start":{"line":27,"column":19},"end":{"line":27,"column":35}},"20":{"start":{"line":28,"column":25},"end":{"line":28,"column":65}},"21":{"start":{"line":29,"column":4},"end":{"line":29,"column":null}},"22":{"start":{"line":29,"column":48},"end":{"line":29,"column":null}},"23":{"start":{"line":30,"column":19},"end":{"line":30,"column":45}},"24":{"start":{"line":32,"column":24},"end":{"line":32,"column":58}},"25":{"start":{"line":33,"column":19},"end":{"line":33,"column":48}},"26":{"start":{"line":34,"column":4},"end":{"line":34,"column":null}},"27":{"start":{"line":34,"column":41},"end":{"line":34,"column":null}},"28":{"start":{"line":35,"column":23},"end":{"line":35,"column":61}},"29":{"start":{"line":36,"column":4},"end":{"line":36,"column":null}},"30":{"start":{"line":36,"column":34},"end":{"line":36,"column":null}},"31":{"start":{"line":38,"column":4},"end":{"line":50,"column":null}},"32":{"start":{"line":49,"column":42},"end":{"line":49,"column":58}},"33":{"start":{"line":23,"column":13},"end":{"line":23,"column":null}},"34":{"start":{"line":53,"column":19},"end":{"line":87,"column":null}},"35":{"start":{"line":54,"column":2},"end":{"line":87,"column":null}},"36":{"start":{"line":80,"column":25},"end":{"line":80,"column":45}},"37":{"start":{"line":83,"column":8},"end":{"line":83,"column":31}},"38":{"start":{"line":85,"column":23},"end":{"line":87,"column":7}},"39":{"start":{"line":86,"column":8},"end":{"line":86,"column":null}},"40":{"start":{"line":53,"column":13},"end":{"line":53,"column":19}}},"fnMap":{"0":{"name":"(anonymous_0)","decl":{"start":{"line":9,"column":28},"end":{"line":9,"column":29}},"loc":{"start":{"line":9,"column":108},"end":{"line":21,"column":1}}},"1":{"name":"(anonymous_1)","decl":{"start":{"line":12,"column":20},"end":{"line":12,"column":21}},"loc":{"start":{"line":12,"column":35},"end":{"line":19,"column":3}}},"2":{"name":"(anonymous_2)","decl":{"start":{"line":13,"column":20},"end":{"line":13,"column":21}},"loc":{"start":{"line":13,"column":39},"end":{"line":18,"column":5}}},"3":{"name":"(anonymous_3)","decl":{"start":{"line":24,"column":2},"end":{"line":24,"column":3}},"loc":{"start":{"line":25,"column":2},"end":{"line":51,"column":3}}},"4":{"name":"(anonymous_4)","decl":{"start":{"line":25,"column":2},"end":{"line":25,"column":3}},"loc":{"start":{"line":25,"column":72},"end":{"line":51,"column":3}}},"5":{"name":"(anonymous_5)","decl":{"start":{"line":49,"column":35},"end":{"line":49,"column":36}},"loc":{"start":{"line":49,"column":42},"end":{"line":49,"column":58}}},"6":{"name":"(anonymous_6)","decl":{"start":{"line":53,"column":19},"end":{"line":53,"column":20}},"loc":{"start":{"line":54,"column":2},"end":{"line":87,"column":null}}},"7":{"name":"(anonymous_7)","decl":{"start":{"line":80,"column":8},"end":{"line":80,"column":9}},"loc":{"start":{"line":80,"column":25},"end":{"line":80,"column":45}}},"8":{"name":"(anonymous_8)","decl":{"start":{"line":82,"column":81},"end":{"line":82,"column":82}},"loc":{"start":{"line":83,"column":8},"end":{"line":83,"column":31}}},"9":{"name":"(anonymous_9)","decl":{"start":{"line":85,"column":17},"end":{"line":85,"column":20}},"loc":{"start":{"line":85,"column":23},"end":{"line":87,"column":7}}},"10":{"name":"(anonymous_10)","decl":{"start":{"line":85,"column":23},"end":{"line":85,"column":26}},"loc":{"start":{"line":85,"column":28},"end":{"line":87,"column":7}}}},"branchMap":{"0":{"loc":{"start":{"line":14,"column":6},"end":{"line":17,"column":null}},"type":"if","locations":[{"start":{"line":14,"column":6},"end":{"line":17,"column":null}}]},"1":{"loc":{"start":{"line":26,"column":4},"end":{"line":26,"column":null}},"type":"if","locations":[{"start":{"line":26,"column":4},"end":{"line":26,"column":null}}]},"2":{"loc":{"start":{"line":29,"column":4},"end":{"line":29,"column":null}},"type":"if","locations":[{"start":{"line":29,"column":4},"end":{"line":29,"column":null}}]},"3":{"loc":{"start":{"line":29,"column":8},"end":{"line":29,"column":46}},"type":"binary-expr","locations":[{"start":{"line":29,"column":8},"end":{"line":29,"column":25}},{"start":{"line":29,"column":29},"end":{"line":29,"column":46}}]},"4":{"loc":{"start":{"line":34,"column":4},"end":{"line":34,"column":null}},"type":"if","locations":[{"start":{"line":34,"column":4},"end":{"line":34,"column":null}}]},"5":{"loc":{"start":{"line":34,"column":8},"end":{"line":34,"column":39}},"type":"binary-expr","locations":[{"start":{"line":34,"column":8},"end":{"line":34,"column":16}},{"start":{"line":34,"column":20},"end":{"line":34,"column":39}}]},"6":{"loc":{"start":{"line":35,"column":24},"end":{"line":35,"column":57}},"type":"cond-expr","locations":[{"start":{"line":35,"column":35},"end":{"line":35,"column":41}},{"start":{"line":35,"column":44},"end":{"line":35,"column":57}}]},"7":{"loc":{"start":{"line":36,"column":4},"end":{"line":36,"column":null}},"type":"if","locations":[{"start":{"line":36,"column":4},"end":{"line":36,"column":null}}]}},"s":{"0":8,"1":8,"2":8,"3":8,"4":8,"5":8,"6":8,"7":8,"8":2,"9":4,"10":20,"11":2,"12":2,"13":2,"14":8,"15":8,"16":2,"17":2,"18":0,"19":2,"20":2,"21":2,"22":0,"23":2,"24":2,"25":2,"26":2,"27":0,"28":2,"29":2,"30":0,"31":2,"32":6,"33":8,"34":8,"35":2,"36":2,"37":0,"38":0,"39":0,"40":8},"f":{"0":2,"1":4,"2":20,"3":2,"4":2,"5":6,"6":2,"7":2,"8":0,"9":0,"10":0},"b":{"0":[2],"1":[0],"2":[0],"3":[2,2],"4":[0],"5":[2,0],"6":[0,2],"7":[0]}}
}
