TN:
SF:src/reducer.ts
FN:32,(anonymous_0)
FN:36,(anonymous_1)
FN:48,(anonymous_2)
FN:60,(anonymous_3)
FN:70,(anonymous_4)
FN:77,(anonymous_5)
FN:94,(anonymous_6)
FN:98,(anonymous_7)
FN:101,(anonymous_8)
FN:102,(anonymous_9)
FNF:10
FNH:4
FNDA:6,(anonymous_0)
FNDA:2,(anonymous_1)
FNDA:2,(anonymous_2)
FNDA:0,(anonymous_3)
FNDA:0,(anonymous_4)
FNDA:0,(anonymous_5)
FNDA:2,(anonymous_6)
FNDA:0,(anonymous_7)
FNDA:0,(anonymous_8)
FNDA:0,(anonymous_9)
DA:1,8
DA:2,8
DA:3,8
DA:4,8
DA:5,8
DA:6,8
DA:7,8
DA:8,8
DA:9,8
DA:10,8
DA:23,8
DA:25,8
DA:30,8
DA:32,8
DA:33,6
DA:37,2
DA:49,2
DA:50,2
DA:51,2
DA:61,0
DA:71,0
DA:78,0
DA:95,2
DA:99,0
DA:101,0
DA:103,0
LF:26
LH:20
BRDA:50,0,0,0
BRF:1
BRH:0
end_of_record
TN:
SF:src/types.ts
FN:3,(anonymous_0)
FN:24,(anonymous_1)
FN:36,(anonymous_2)
FN:42,(anonymous_3)
FN:52,(anonymous_4)
FN:60,(anonymous_5)
FN:87,(anonymous_6)
FN:122,(anonymous_7)
FN:274,(anonymous_8)
FNF:9
FNH:9
FNDA:12,(anonymous_0)
FNDA:12,(anonymous_1)
FNDA:12,(anonymous_2)
FNDA:12,(anonymous_3)
FNDA:12,(anonymous_4)
FNDA:12,(anonymous_5)
FNDA:12,(anonymous_6)
FNDA:12,(anonymous_7)
FNDA:12,(anonymous_8)
DA:3,12
DA:4,12
DA:5,12
DA:6,12
DA:7,12
DA:8,12
DA:9,12
DA:10,12
DA:11,12
DA:24,12
DA:25,12
DA:26,12
DA:27,12
DA:28,12
DA:36,12
DA:37,12
DA:38,12
DA:39,12
DA:42,12
DA:43,12
DA:44,12
DA:45,12
DA:46,12
DA:47,12
DA:48,12
DA:49,12
DA:52,12
DA:53,12
DA:54,12
DA:55,12
DA:56,12
DA:57,12
DA:60,12
DA:61,12
DA:62,12
DA:63,12
DA:64,12
DA:65,12
DA:66,12
DA:67,12
DA:68,12
DA:69,12
DA:70,12
DA:71,12
DA:72,12
DA:73,12
DA:74,12
DA:75,12
DA:76,12
DA:77,12
DA:78,12
DA:79,12
DA:80,12
DA:81,12
DA:82,12
DA:83,12
DA:84,12
DA:87,12
DA:88,12
DA:89,12
DA:90,12
DA:91,12
DA:92,12
DA:93,12
DA:94,12
DA:95,12
DA:96,12
DA:97,12
DA:98,12
DA:99,12
DA:100,12
DA:101,12
DA:102,12
DA:103,12
DA:104,12
DA:105,12
DA:106,12
DA:107,12
DA:108,12
DA:109,12
DA:110,12
DA:111,12
DA:112,12
DA:113,12
DA:114,12
DA:115,12
DA:116,12
DA:117,12
DA:118,12
DA:119,12
DA:122,12
DA:123,12
DA:124,12
DA:125,12
DA:126,12
DA:127,12
DA:128,12
DA:129,12
DA:130,12
DA:131,12
DA:132,12
DA:133,12
DA:134,12
DA:135,12
DA:136,12
DA:138,12
DA:139,12
DA:140,12
DA:141,12
DA:142,12
DA:143,12
DA:144,12
DA:145,12
DA:146,12
DA:147,12
DA:148,12
DA:149,12
DA:150,12
DA:151,12
DA:152,12
DA:153,12
DA:154,12
DA:155,12
DA:156,12
DA:157,12
DA:159,12
DA:160,12
DA:161,12
DA:162,12
DA:163,12
DA:164,12
DA:165,12
DA:166,12
DA:167,12
DA:169,12
DA:170,12
DA:171,12
DA:172,12
DA:173,12
DA:174,12
DA:175,12
DA:176,12
DA:177,12
DA:178,12
DA:179,12
DA:180,12
DA:182,12
DA:183,12
DA:184,12
DA:185,12
DA:186,12
DA:187,12
DA:188,12
DA:189,12
DA:190,12
DA:191,12
DA:192,12
DA:193,12
DA:194,12
DA:196,12
DA:197,12
DA:198,12
DA:199,12
DA:200,12
DA:201,12
DA:202,12
DA:203,12
DA:204,12
DA:205,12
DA:206,12
DA:207,12
DA:208,12
DA:274,12
DA:275,12
DA:276,12
DA:277,12
DA:278,12
DA:279,12
DA:280,12
DA:281,12
DA:282,12
DA:283,12
DA:284,12
DA:285,12
DA:286,12
LF:185
LH:185
BRDA:3,0,0,12
BRDA:3,0,1,12
BRDA:24,1,0,12
BRDA:24,1,1,12
BRDA:36,2,0,12
BRDA:36,2,1,12
BRDA:42,3,0,12
BRDA:42,3,1,12
BRDA:52,4,0,12
BRDA:52,4,1,12
BRDA:60,5,0,12
BRDA:60,5,1,12
BRDA:87,6,0,12
BRDA:87,6,1,12
BRDA:122,7,0,12
BRDA:122,7,1,12
BRDA:274,8,0,12
BRDA:274,8,1,12
BRF:18
BRH:18
end_of_record
TN:
SF:src/board/buildings.ts
FN:4,(anonymous_0)
FN:6,(anonymous_1)
FN:14,(anonymous_2)
FN:17,(anonymous_3)
FN:18,(anonymous_4)
FN:19,(anonymous_5)
FN:20,(anonymous_6)
FN:21,(anonymous_7)
FN:22,(anonymous_8)
FN:23,(anonymous_9)
FN:24,(anonymous_10)
FN:25,(anonymous_11)
FN:26,(anonymous_12)
FN:27,(anonymous_13)
FN:28,(anonymous_14)
FN:29,(anonymous_15)
FN:30,(anonymous_16)
FN:31,(anonymous_17)
FN:32,(anonymous_18)
FN:33,(anonymous_19)
FN:34,(anonymous_20)
FN:35,(anonymous_21)
FN:36,(anonymous_22)
FN:37,(anonymous_23)
FN:38,(anonymous_24)
FN:39,(anonymous_25)
FN:40,(anonymous_26)
FN:41,(anonymous_27)
FN:42,(anonymous_28)
FN:43,(anonymous_29)
FN:44,(anonymous_30)
FN:45,(anonymous_31)
FN:46,(anonymous_32)
FN:47,(anonymous_33)
FN:48,(anonymous_34)
FN:49,(anonymous_35)
FN:50,(anonymous_36)
FN:51,(anonymous_37)
FN:52,(anonymous_38)
FN:53,(anonymous_39)
FN:54,(anonymous_40)
FN:55,(anonymous_41)
FN:56,(anonymous_42)
FN:57,(anonymous_43)
FN:58,(anonymous_44)
FN:60,(anonymous_45)
FN:84,(anonymous_46)
FN:86,(anonymous_47)
FN:101,(anonymous_48)
FN:113,(anonymous_49)
FN:122,(anonymous_50)
FN:137,(anonymous_51)
FN:149,(anonymous_52)
FN:158,(anonymous_53)
FN:166,(anonymous_54)
FN:173,(anonymous_55)
FN:178,(anonymous_56)
FN:186,(anonymous_57)
FN:193,(anonymous_58)
FN:199,(anonymous_59)
FN:208,(anonymous_60)
FN:215,(anonymous_61)
FN:221,(anonymous_62)
FN:230,(anonymous_63)
FN:237,(anonymous_64)
FN:243,(anonymous_65)
FN:252,(anonymous_66)
FN:260,(anonymous_67)
FN:266,(anonymous_68)
FN:275,(anonymous_69)
FN:283,(anonymous_70)
FN:289,(anonymous_71)
FN:299,(anonymous_72)
FN:308,(anonymous_73)
FN:315,(anonymous_74)
FN:325,(anonymous_75)
FN:334,(anonymous_76)
FN:341,(anonymous_77)
FNF:78
FNH:8
FNDA:0,(anonymous_0)
FNDA:0,(anonymous_1)
FNDA:1,(anonymous_2)
FNDA:0,(anonymous_3)
FNDA:0,(anonymous_4)
FNDA:0,(anonymous_5)
FNDA:0,(anonymous_6)
FNDA:0,(anonymous_7)
FNDA:0,(anonymous_8)
FNDA:0,(anonymous_9)
FNDA:0,(anonymous_10)
FNDA:0,(anonymous_11)
FNDA:1,(anonymous_12)
FNDA:0,(anonymous_13)
FNDA:0,(anonymous_14)
FNDA:0,(anonymous_15)
FNDA:0,(anonymous_16)
FNDA:0,(anonymous_17)
FNDA:0,(anonymous_18)
FNDA:0,(anonymous_19)
FNDA:0,(anonymous_20)
FNDA:0,(anonymous_21)
FNDA:0,(anonymous_22)
FNDA:0,(anonymous_23)
FNDA:0,(anonymous_24)
FNDA:0,(anonymous_25)
FNDA:0,(anonymous_26)
FNDA:0,(anonymous_27)
FNDA:0,(anonymous_28)
FNDA:0,(anonymous_29)
FNDA:0,(anonymous_30)
FNDA:0,(anonymous_31)
FNDA:0,(anonymous_32)
FNDA:0,(anonymous_33)
FNDA:0,(anonymous_34)
FNDA:0,(anonymous_35)
FNDA:0,(anonymous_36)
FNDA:0,(anonymous_37)
FNDA:0,(anonymous_38)
FNDA:0,(anonymous_39)
FNDA:0,(anonymous_40)
FNDA:0,(anonymous_41)
FNDA:0,(anonymous_42)
FNDA:0,(anonymous_43)
FNDA:0,(anonymous_44)
FNDA:3,(anonymous_45)
FNDA:14,(anonymous_46)
FNDA:0,(anonymous_47)
FNDA:8,(anonymous_48)
FNDA:0,(anonymous_49)
FNDA:0,(anonymous_50)
FNDA:3,(anonymous_51)
FNDA:2,(anonymous_52)
FNDA:0,(anonymous_53)
FNDA:0,(anonymous_54)
FNDA:0,(anonymous_55)
FNDA:0,(anonymous_56)
FNDA:0,(anonymous_57)
FNDA:0,(anonymous_58)
FNDA:0,(anonymous_59)
FNDA:1,(anonymous_60)
FNDA:0,(anonymous_61)
FNDA:0,(anonymous_62)
FNDA:0,(anonymous_63)
FNDA:0,(anonymous_64)
FNDA:0,(anonymous_65)
FNDA:0,(anonymous_66)
FNDA:0,(anonymous_67)
FNDA:0,(anonymous_68)
FNDA:0,(anonymous_69)
FNDA:0,(anonymous_70)
FNDA:0,(anonymous_71)
FNDA:0,(anonymous_72)
FNDA:0,(anonymous_73)
FNDA:0,(anonymous_74)
FNDA:0,(anonymous_75)
FNDA:0,(anonymous_76)
FNDA:0,(anonymous_77)
DA:1,9
DA:2,9
DA:4,9
DA:6,0
DA:14,9
DA:16,1
DA:17,0
DA:18,0
DA:19,0
DA:20,0
DA:21,0
DA:22,0
DA:23,0
DA:24,0
DA:25,0
DA:26,1
DA:27,0
DA:28,0
DA:29,0
DA:30,0
DA:31,0
DA:32,0
DA:33,0
DA:34,0
DA:35,0
DA:36,0
DA:37,0
DA:38,0
DA:39,0
DA:40,0
DA:41,0
DA:42,0
DA:43,0
DA:44,0
DA:45,0
DA:46,0
DA:47,0
DA:48,0
DA:49,0
DA:50,0
DA:51,0
DA:52,0
DA:53,0
DA:54,0
DA:55,0
DA:56,0
DA:57,0
DA:58,0
DA:60,9
DA:61,3
DA:62,2
DA:84,9
DA:85,14
DA:86,0
DA:101,8
DA:113,0
DA:122,0
DA:137,3
DA:149,2
DA:158,0
DA:166,0
DA:173,0
DA:178,0
DA:186,0
DA:193,0
DA:199,0
DA:208,1
DA:215,0
DA:221,0
DA:230,0
DA:237,0
DA:243,0
DA:252,0
DA:260,0
DA:266,0
DA:275,0
DA:283,0
DA:289,0
DA:299,0
DA:308,0
DA:315,0
DA:325,0
DA:334,0
DA:341,0
LF:84
LH:15
BRDA:61,0,0,1
BRF:1
BRH:1
end_of_record
TN:
SF:src/board/extraRound.ts
FN:4,(anonymous_0)
FN:6,(anonymous_1)
FN:6,(anonymous_2)
FN:7,(anonymous_3)
FN:7,(anonymous_4)
FN:8,(anonymous_5)
FN:10,(anonymous_6)
FNF:7
FNH:3
FNDA:15,(anonymous_0)
FNDA:0,(anonymous_1)
FNDA:0,(anonymous_2)
FNDA:11,(anonymous_3)
FNDA:0,(anonymous_4)
FNDA:15,(anonymous_5)
FNDA:0,(anonymous_6)
DA:1,8
DA:4,8
DA:5,15
DA:6,0
DA:7,11
DA:8,15
DA:10,8
LF:7
LH:6
BRF:0
BRH:0
end_of_record
TN:
SF:src/board/modeSetup.ts
FN:16,(anonymous_0)
FN:32,(anonymous_1)
FN:39,(anonymous_2)
FN:42,(anonymous_3)
FN:43,(anonymous_4)
FN:45,(anonymous_5)
FN:67,(anonymous_6)
FNF:7
FNH:4
FNDA:39,(anonymous_0)
FNDA:0,(anonymous_1)
FNDA:0,(anonymous_2)
FNDA:13,(anonymous_3)
FNDA:13,(anonymous_4)
FNDA:0,(anonymous_5)
FNDA:13,(anonymous_6)
DA:1,9
DA:2,9
DA:3,9
DA:5,9
DA:6,9
DA:7,9
DA:9,9
DA:16,9
DA:17,39
DA:18,39
DA:19,39
DA:20,39
DA:21,1
DA:26,38
DA:32,9
DA:33,0
DA:39,0
DA:41,9
DA:42,9
DA:43,13
DA:44,13
DA:46,0
DA:47,0
DA:67,13
LF:24
LH:20
BRDA:20,0,0,1
BRF:1
BRH:1
end_of_record
TN:
SF:src/board/player.ts
FN:3,(anonymous_0)
FN:18,(anonymous_1)
FN:23,(anonymous_2)
FN:32,(anonymous_3)
FN:35,(anonymous_4)
FNF:5
FNH:5
FNDA:38,(anonymous_0)
FNDA:15,(anonymous_1)
FNDA:12,(anonymous_2)
FNDA:19,(anonymous_3)
FNDA:10,(anonymous_4)
DA:1,8
DA:3,8
DA:4,38
DA:6,13
DA:8,9
DA:10,14
DA:12,2
DA:14,0
DA:18,8
DA:19,15
DA:20,15
DA:23,8
DA:24,12
DA:25,12
DA:26,12
DA:32,8
DA:33,19
DA:35,10
LF:18
LH:17
BRDA:4,0,0,13
BRDA:4,0,1,9
BRDA:4,0,2,14
BRDA:4,0,3,2
BRDA:4,0,4,0
BRDA:19,1,0,15
BRDA:19,1,1,12
BRDA:24,2,0,0
BRDA:25,3,0,12
BRDA:25,3,1,11
BRDA:33,4,0,19
BRDA:33,4,1,18
BRDA:35,5,0,10
BRDA:35,5,1,9
BRF:14
BRH:12
end_of_record
TN:
SF:src/board/postMove.ts
FN:16,(anonymous_0)
FN:18,(anonymous_1)
FN:18,(anonymous_2)
FN:56,(anonymous_3)
FN:57,(anonymous_4)
FN:69,(anonymous_5)
FN:116,(anonymous_6)
FN:116,(anonymous_7)
FN:155,(anonymous_8)
FN:156,(anonymous_9)
FN:168,(anonymous_10)
FN:215,(anonymous_11)
FN:215,(anonymous_12)
FN:234,(anonymous_13)
FN:262,(anonymous_14)
FN:262,(anonymous_15)
FN:281,(anonymous_16)
FN:311,(anonymous_17)
FN:311,(anonymous_18)
FN:335,(anonymous_19)
FN:364,(anonymous_20)
FN:364,(anonymous_21)
FNF:22
FNH:3
FNDA:1,(anonymous_0)
FNDA:0,(anonymous_1)
FNDA:0,(anonymous_2)
FNDA:0,(anonymous_3)
FNDA:0,(anonymous_4)
FNDA:0,(anonymous_5)
FNDA:0,(anonymous_6)
FNDA:0,(anonymous_7)
FNDA:0,(anonymous_8)
FNDA:0,(anonymous_9)
FNDA:0,(anonymous_10)
FNDA:0,(anonymous_11)
FNDA:0,(anonymous_12)
FNDA:0,(anonymous_13)
FNDA:0,(anonymous_14)
FNDA:0,(anonymous_15)
FNDA:0,(anonymous_16)
FNDA:1,(anonymous_17)
FNDA:1,(anonymous_18)
FNDA:0,(anonymous_19)
FNDA:0,(anonymous_20)
FNDA:0,(anonymous_21)
DA:1,8
DA:2,8
DA:10,8
DA:11,8
DA:12,8
DA:13,8
DA:14,8
DA:16,8
DA:17,1
DA:18,0
DA:19,0
DA:32,0
DA:35,0
DA:37,0
DA:38,0
DA:39,0
DA:40,0
DA:41,0
DA:42,0
DA:45,0
DA:46,0
DA:47,0
DA:48,0
DA:49,0
DA:51,0
DA:52,0
DA:53,0
DA:57,0
DA:58,0
DA:59,0
DA:60,0
DA:67,0
DA:68,0
DA:69,0
DA:73,0
DA:74,0
DA:75,0
DA:77,0
DA:78,0
DA:81,0
DA:82,0
DA:84,0
DA:101,0
DA:116,0
DA:117,0
DA:130,0
DA:133,0
DA:135,0
DA:136,0
DA:137,0
DA:138,0
DA:139,0
DA:140,0
DA:141,0
DA:144,0
DA:145,0
DA:146,0
DA:147,0
DA:148,0
DA:150,0
DA:151,0
DA:152,0
DA:156,0
DA:157,0
DA:158,0
DA:159,0
DA:166,0
DA:167,0
DA:168,0
DA:172,0
DA:173,0
DA:174,0
DA:176,0
DA:177,0
DA:180,0
DA:181,0
DA:183,0
DA:200,0
DA:215,0
DA:216,0
DA:217,0
DA:218,0
DA:219,0
DA:220,0
DA:222,0
DA:223,0
DA:225,0
DA:226,0
DA:228,0
DA:230,0
DA:232,0
DA:233,0
DA:234,0
DA:238,0
DA:239,0
DA:240,0
DA:243,0
DA:244,0
DA:245,0
DA:246,0
DA:247,0
DA:248,0
DA:251,0
DA:262,0
DA:263,0
DA:264,0
DA:265,0
DA:266,0
DA:267,0
DA:268,0
DA:270,0
DA:271,0
DA:272,0
DA:273,0
DA:275,0
DA:276,0
DA:277,0
DA:279,0
DA:280,0
DA:281,0
DA:285,0
DA:286,0
DA:287,0
DA:289,0
DA:290,0
DA:292,0
DA:293,0
DA:294,0
DA:295,0
DA:296,0
DA:299,0
DA:311,1
DA:312,1
DA:313,1
DA:314,1
DA:315,1
DA:316,1
DA:317,1
DA:319,1
DA:320,1
DA:321,1
DA:322,1
DA:324,1
DA:326,0
DA:327,0
DA:328,0
DA:331,1
DA:333,0
DA:334,0
DA:335,0
DA:339,0
DA:340,0
DA:341,0
DA:343,0
DA:344,0
DA:345,1
DA:346,0
DA:347,0
DA:348,0
DA:351,1
DA:364,0
LF:161
LH:24
BRDA:37,0,0,0
BRDA:37,0,1,0
BRDA:37,1,0,0
BRDA:37,1,1,0
BRDA:41,2,0,0
BRDA:45,3,0,0
BRDA:45,3,1,0
BRDA:45,4,0,0
BRDA:45,4,1,0
BRDA:46,5,0,0
BRDA:46,5,1,0
BRDA:52,6,0,0
BRDA:59,7,0,0
BRDA:59,8,0,0
BRDA:59,8,1,0
BRDA:73,9,0,0
BRDA:82,10,0,0
BRDA:82,11,0,0
BRDA:82,11,1,0
BRDA:135,12,0,0
BRDA:135,12,1,0
BRDA:140,13,0,0
BRDA:144,14,0,0
BRDA:144,14,1,0
BRDA:144,15,0,0
BRDA:144,15,1,0
BRDA:145,16,0,0
BRDA:145,16,1,0
BRDA:151,17,0,0
BRDA:158,18,0,0
BRDA:158,19,0,0
BRDA:158,19,1,0
BRDA:172,20,0,0
BRDA:181,21,0,0
BRDA:181,22,0,0
BRDA:181,22,1,0
BRDA:216,23,0,0
BRDA:217,24,0,0
BRDA:218,25,0,0
BRDA:219,26,0,0
BRDA:220,27,0,0
BRDA:225,28,0,0
BRDA:225,29,0,0
BRDA:225,29,1,0
BRDA:230,30,0,0
BRDA:230,30,1,0
BRDA:230,31,0,0
BRDA:230,31,1,0
BRDA:238,32,0,0
BRDA:245,33,0,0
BRDA:245,34,0,0
BRDA:245,34,1,0
BRDA:247,35,0,0
BRDA:263,36,0,0
BRDA:264,37,0,0
BRDA:265,38,0,0
BRDA:266,39,0,0
BRDA:267,40,0,0
BRDA:268,41,0,0
BRDA:275,42,0,0
BRDA:275,42,1,0
BRDA:277,43,0,0
BRDA:285,44,0,0
BRDA:292,45,0,0
BRDA:295,46,0,0
BRDA:312,47,0,0
BRDA:313,48,0,0
BRDA:314,49,0,0
BRDA:315,50,0,0
BRDA:316,51,0,0
BRDA:317,52,0,0
BRDA:324,53,0,0
BRDA:324,54,0,1
BRDA:324,54,1,0
BRDA:331,55,0,0
BRDA:331,55,1,1
BRDA:331,56,0,1
BRDA:331,56,1,1
BRDA:339,57,0,0
BRDA:345,58,0,0
BRDA:345,59,0,1
BRDA:345,59,1,1
BRDA:347,60,0,0
BRF:83
BRH:6
end_of_record
TN:
SF:src/board/postRound.ts
FN:6,(anonymous_0)
FN:8,(anonymous_1)
FN:8,(anonymous_2)
FN:43,(anonymous_3)
FN:43,(anonymous_4)
FN:74,(anonymous_5)
FN:74,(anonymous_6)
FNF:7
FNH:0
FNDA:0,(anonymous_0)
FNDA:0,(anonymous_1)
FNDA:0,(anonymous_2)
FNDA:0,(anonymous_3)
FNDA:0,(anonymous_4)
FNDA:0,(anonymous_5)
FNDA:0,(anonymous_6)
DA:1,8
DA:2,8
DA:3,8
DA:4,8
DA:6,8
DA:7,0
DA:8,0
DA:9,0
DA:10,0
DA:11,0
DA:12,0
DA:14,0
DA:15,0
DA:17,0
DA:18,0
DA:19,0
DA:20,0
DA:23,0
DA:25,0
DA:27,0
DA:31,0
DA:33,0
DA:43,0
DA:44,0
DA:45,0
DA:46,0
DA:47,0
DA:49,0
DA:50,0
DA:51,0
DA:52,0
DA:54,0
DA:58,0
DA:59,0
DA:63,0
DA:65,0
DA:74,0
DA:75,0
DA:76,0
DA:77,0
DA:78,0
DA:80,0
DA:81,0
DA:83,0
DA:84,0
DA:85,0
DA:86,0
DA:87,0
DA:89,0
DA:93,0
DA:95,0
LF:51
LH:5
BRDA:9,0,0,0
BRDA:10,1,0,0
BRDA:11,2,0,0
BRDA:12,3,0,0
BRDA:17,4,0,0
BRDA:17,4,1,0
BRDA:20,5,0,0
BRDA:20,5,1,0
BRDA:44,6,0,0
BRDA:45,7,0,0
BRDA:46,8,0,0
BRDA:47,9,0,0
BRDA:51,10,0,0
BRDA:51,10,1,0
BRDA:58,11,0,0
BRDA:58,12,0,0
BRDA:58,12,1,0
BRDA:58,12,2,0
BRDA:75,13,0,0
BRDA:76,14,0,0
BRDA:77,15,0,0
BRDA:78,16,0,0
BRDA:83,17,0,0
BRDA:83,17,1,0
BRDA:86,18,0,0
BRDA:86,18,1,0
BRF:26
BRH:0
end_of_record
TN:
SF:src/board/preMove.ts
FN:8,(anonymous_0)
FN:30,(anonymous_1)
FN:34,(anonymous_2)
FN:35,(anonymous_3)
FNF:4
FNH:4
FNDA:15,(anonymous_0)
FNDA:41,(anonymous_1)
FNDA:2,(anonymous_2)
FNDA:10,(anonymous_3)
DA:2,8
DA:3,8
DA:4,8
DA:5,8
DA:6,8
DA:8,8
DA:9,15
DA:11,15
DA:13,0
DA:18,0
DA:22,15
DA:24,0
DA:25,15
DA:27,15
DA:30,15
DA:31,41
DA:33,1
DA:34,1
DA:35,2
DA:36,10
DA:37,3
DA:38,7
DA:41,1
DA:46,15
DA:48,15
DA:49,15
DA:50,15
DA:59,15
LF:28
LH:25
BRDA:11,0,0,0
BRDA:11,0,1,15
BRDA:13,1,0,0
BRDA:13,1,1,0
BRDA:22,2,0,0
BRDA:22,2,1,15
BRDA:22,3,0,15
BRDA:22,3,1,0
BRDA:25,4,0,15
BRDA:31,5,0,1
BRDA:36,6,0,3
BRDA:36,7,0,10
BRDA:36,7,1,3
BRDA:36,7,2,3
BRDA:49,8,0,0
BRF:15
BRH:9
end_of_record
TN:
SF:src/board/preRound.ts
FN:4,(anonymous_0)
FN:6,(anonymous_1)
FN:6,(anonymous_2)
FN:8,(anonymous_3)
FN:87,(anonymous_4)
FN:87,(anonymous_5)
FNF:6
FNH:6
FNDA:15,(anonymous_0)
FNDA:7,(anonymous_1)
FNDA:7,(anonymous_2)
FNDA:21,(anonymous_3)
FNDA:8,(anonymous_4)
FNDA:8,(anonymous_5)
DA:1,8
DA:4,8
DA:5,15
DA:6,7
DA:9,21
DA:11,21
DA:17,0
DA:23,0
DA:29,0
DA:35,0
DA:41,0
DA:47,0
DA:53,0
DA:59,0
DA:65,0
DA:71,0
DA:77,0
DA:83,0
DA:87,8
LF:19
LH:7
BRDA:9,0,0,21
BRDA:9,0,1,0
BRDA:9,0,2,0
BRDA:9,0,3,0
BRDA:9,0,4,0
BRDA:9,0,5,0
BRDA:9,0,6,0
BRDA:9,0,7,0
BRDA:9,0,8,0
BRDA:9,0,9,0
BRDA:9,0,10,0
BRDA:9,0,11,0
BRDA:9,0,12,0
BRF:13
BRH:1
end_of_record
TN:
SF:src/board/resource.ts
FN:6,resourceSlicer
FN:13,(anonymous_1)
FN:13,(anonymous_2)
FN:17,(anonymous_3)
FN:45,(anonymous_4)
FN:47,(anonymous_5)
FNF:6
FNH:5
FNDA:6,resourceSlicer
FNDA:264,(anonymous_1)
FNDA:11,(anonymous_2)
FNDA:6,(anonymous_3)
FNDA:0,(anonymous_4)
FNDA:1,(anonymous_5)
DA:1,9
DA:2,9
DA:4,9
DA:7,6
DA:8,12
DA:9,12
DA:13,264
DA:14,11
DA:17,9
DA:18,6
DA:19,6
DA:20,6
DA:21,12
DA:50,6
LF:14
LH:14
BRDA:9,0,0,12
BRDA:14,1,0,11
BRDA:14,1,1,7
BRDA:19,2,0,0
BRF:4
BRH:3
end_of_record
TN:
SF:src/board/rondel.ts
FN:3,(anonymous_0)
FN:5,(anonymous_1)
FNF:2
FNH:2
FNDA:15,(anonymous_0)
FNDA:135,(anonymous_1)
DA:3,8
DA:4,15
DA:5,15
DA:6,135
DA:7,0
DA:8,0
DA:10,135
DA:12,15
LF:8
LH:6
BRDA:6,0,0,0
BRDA:7,1,0,0
BRF:2
BRH:0
end_of_record
TN:
SF:src/board/settlements.ts
FN:4,(anonymous_0)
FN:20,(anonymous_1)
FN:22,(anonymous_2)
FN:23,(anonymous_3)
FN:24,(anonymous_4)
FN:25,(anonymous_5)
FN:26,(anonymous_6)
FN:27,(anonymous_7)
FN:28,(anonymous_8)
FN:29,(anonymous_9)
FN:30,(anonymous_10)
FN:31,(anonymous_11)
FN:32,(anonymous_12)
FN:33,(anonymous_13)
FN:34,(anonymous_14)
FN:35,(anonymous_15)
FN:36,(anonymous_16)
FN:37,(anonymous_17)
FN:38,(anonymous_18)
FN:39,(anonymous_19)
FN:40,(anonymous_20)
FN:41,(anonymous_21)
FN:41,(anonymous_22)
FN:42,(anonymous_23)
FN:42,(anonymous_24)
FN:43,(anonymous_25)
FN:43,(anonymous_26)
FN:44,(anonymous_27)
FN:44,(anonymous_28)
FN:45,(anonymous_29)
FN:45,(anonymous_30)
FN:46,(anonymous_31)
FN:48,(anonymous_32)
FN:50,(anonymous_33)
FN:56,(anonymous_34)
FN:62,(anonymous_35)
FN:68,(anonymous_36)
FN:74,(anonymous_37)
FN:75,(anonymous_38)
FN:76,(anonymous_39)
FN:77,(anonymous_40)
FN:78,(anonymous_41)
FN:79,(anonymous_42)
FN:80,(anonymous_43)
FN:81,(anonymous_44)
FN:82,(anonymous_45)
FN:83,(anonymous_46)
FN:84,(anonymous_47)
FN:85,(anonymous_48)
FN:86,(anonymous_49)
FN:87,(anonymous_50)
FN:88,(anonymous_51)
FN:89,(anonymous_52)
FN:90,(anonymous_53)
FNF:54
FNH:38
FNDA:0,(anonymous_0)
FNDA:76,(anonymous_1)
FNDA:4,(anonymous_2)
FNDA:4,(anonymous_3)
FNDA:4,(anonymous_4)
FNDA:4,(anonymous_5)
FNDA:4,(anonymous_6)
FNDA:4,(anonymous_7)
FNDA:4,(anonymous_8)
FNDA:4,(anonymous_9)
FNDA:4,(anonymous_10)
FNDA:2,(anonymous_11)
FNDA:2,(anonymous_12)
FNDA:2,(anonymous_13)
FNDA:2,(anonymous_14)
FNDA:2,(anonymous_15)
FNDA:2,(anonymous_16)
FNDA:2,(anonymous_17)
FNDA:2,(anonymous_18)
FNDA:2,(anonymous_19)
FNDA:2,(anonymous_20)
FNDA:20,(anonymous_21)
FNDA:4,(anonymous_22)
FNDA:16,(anonymous_23)
FNDA:4,(anonymous_24)
FNDA:12,(anonymous_25)
FNDA:4,(anonymous_26)
FNDA:8,(anonymous_27)
FNDA:4,(anonymous_28)
FNDA:4,(anonymous_29)
FNDA:4,(anonymous_30)
FNDA:0,(anonymous_31)
FNDA:44,(anonymous_32)
FNDA:37,(anonymous_33)
FNDA:0,(anonymous_34)
FNDA:1,(anonymous_35)
FNDA:0,(anonymous_36)
FNDA:0,(anonymous_37)
FNDA:0,(anonymous_38)
FNDA:1,(anonymous_39)
FNDA:0,(anonymous_40)
FNDA:0,(anonymous_41)
FNDA:0,(anonymous_42)
FNDA:1,(anonymous_43)
FNDA:0,(anonymous_44)
FNDA:0,(anonymous_45)
FNDA:0,(anonymous_46)
FNDA:1,(anonymous_47)
FNDA:0,(anonymous_48)
FNDA:0,(anonymous_49)
FNDA:0,(anonymous_50)
FNDA:1,(anonymous_51)
FNDA:0,(anonymous_52)
FNDA:2,(anonymous_53)
DA:1,9
DA:2,9
DA:4,9
DA:5,0
DA:7,0
DA:9,0
DA:11,0
DA:13,0
DA:16,0
DA:20,9
DA:21,76
DA:22,4
DA:23,4
DA:24,4
DA:25,4
DA:26,4
DA:27,4
DA:28,4
DA:29,4
DA:30,4
DA:31,2
DA:32,2
DA:33,2
DA:34,2
DA:35,2
DA:36,2
DA:37,2
DA:38,2
DA:39,2
DA:40,2
DA:41,20
DA:42,16
DA:43,12
DA:44,8
DA:45,4
DA:46,0
DA:48,9
DA:49,44
DA:50,37
DA:56,0
DA:62,1
DA:68,0
DA:74,0
DA:75,0
DA:76,1
DA:77,0
DA:78,0
DA:79,0
DA:80,1
DA:81,0
DA:82,0
DA:83,0
DA:84,1
DA:85,0
DA:86,0
DA:87,0
DA:88,1
DA:89,0
DA:90,2
LF:59
LH:38
BRDA:5,0,0,0
BRDA:5,0,1,0
BRDA:5,0,2,0
BRDA:5,0,3,0
BRDA:5,0,4,0
BRDA:5,0,5,0
BRF:6
BRH:0
end_of_record
TN:
SF:src/board/wheel.ts
FN:3,(anonymous_0)
FN:10,(anonymous_1)
FNF:2
FNH:2
FNDA:11,(anonymous_0)
FNDA:11,(anonymous_1)
DA:3,9
DA:4,11
DA:5,0
DA:7,11
DA:10,9
DA:11,11
DA:12,11
LF:7
LH:6
BRDA:4,0,0,0
BRDA:4,1,0,11
BRDA:4,1,1,0
BRF:3
BRH:1
end_of_record
TN:
SF:src/buildings/clayMound.ts
FN:6,(anonymous_0)
FN:7,(anonymous_1)
FNF:2
FNH:2
FNDA:2,(anonymous_0)
FNDA:2,(anonymous_1)
DA:1,8
DA:2,8
DA:3,8
DA:5,8
DA:6,8
DA:7,2
DA:8,2
DA:9,2
DA:10,2
DA:11,2
DA:12,1
DA:13,1
DA:15,1
DA:16,1
DA:19,2
DA:21,2
DA:22,2
DA:23,2
DA:25,2
LF:19
LH:19
BRDA:6,0,0,1
BRDA:8,1,0,0
BRDA:11,2,0,1
BRDA:11,2,1,1
BRDA:11,3,0,2
BRDA:11,3,1,1
BRDA:15,4,0,1
BRDA:15,4,1,0
BRDA:22,5,0,0
BRF:9
BRH:6
end_of_record
TN:
SF:src/buildings/farmyard.ts
FN:6,(anonymous_0)
FN:7,(anonymous_1)
FNF:2
FNH:2
FNDA:3,(anonymous_0)
FNDA:3,(anonymous_1)
DA:1,8
DA:2,8
DA:3,8
DA:5,8
DA:6,8
DA:7,3
DA:8,3
DA:9,3
DA:10,3
DA:11,3
DA:12,3
DA:13,1
DA:14,1
DA:15,2
DA:16,1
DA:17,1
DA:18,1
DA:19,1
DA:20,1
DA:22,0
DA:25,3
DA:27,3
DA:28,3
DA:29,3
DA:31,3
DA:32,1
DA:33,2
DA:34,2
DA:36,0
DA:39,3
LF:30
LH:28
BRDA:8,0,0,0
BRDA:9,1,0,0
BRDA:12,2,0,1
BRDA:12,2,1,2
BRDA:12,3,0,3
BRDA:12,3,1,1
BRDA:15,4,0,1
BRDA:15,4,1,1
BRDA:15,5,0,2
BRDA:15,5,1,1
BRDA:18,6,0,1
BRDA:18,6,1,0
BRDA:18,7,0,1
BRDA:18,7,1,1
BRDA:28,8,0,0
BRDA:31,9,0,1
BRDA:31,9,1,2
BRDA:33,10,0,2
BRDA:33,10,1,0
BRF:19
BRH:14
end_of_record
TN:
SF:src/buildings/peatCoalKiln.ts
FN:6,(anonymous_0)
FN:7,(anonymous_1)
FNF:2
FNH:2
FNDA:3,(anonymous_0)
FNDA:3,(anonymous_1)
DA:1,8
DA:2,8
DA:5,8
DA:6,8
DA:7,3
DA:8,3
DA:9,2
DA:10,2
DA:11,2
DA:12,2
DA:13,2
DA:14,2
DA:15,2
LF:13
LH:13
BRDA:6,0,0,1
BRDA:8,1,0,1
BRDA:13,2,0,2
BRDA:13,2,1,1
BRDA:14,3,0,2
BRDA:14,3,1,1
BRF:6
BRH:6
end_of_record
TN:
SF:src/commands/build.ts
FN:7,(anonymous_0)
FN:8,(anonymous_1)
FN:12,(anonymous_2)
FN:13,(anonymous_3)
FN:17,(anonymous_4)
FN:18,(anonymous_5)
FN:24,(anonymous_6)
FN:25,(anonymous_7)
FN:28,(anonymous_8)
FN:34,(anonymous_9)
FN:35,(anonymous_10)
FN:43,(anonymous_11)
FN:48,(anonymous_12)
FN:49,(anonymous_13)
FN:52,(anonymous_14)
FN:56,(anonymous_15)
FN:57,(anonymous_16)
FN:76,(anonymous_17)
FN:77,(anonymous_18)
FN:80,(anonymous_19)
FN:90,(anonymous_20)
FNF:21
FNH:0
FNDA:0,(anonymous_0)
FNDA:0,(anonymous_1)
FNDA:0,(anonymous_2)
FNDA:0,(anonymous_3)
FNDA:0,(anonymous_4)
FNDA:0,(anonymous_5)
FNDA:0,(anonymous_6)
FNDA:0,(anonymous_7)
FNDA:0,(anonymous_8)
FNDA:0,(anonymous_9)
FNDA:0,(anonymous_10)
FNDA:0,(anonymous_11)
FNDA:0,(anonymous_12)
FNDA:0,(anonymous_13)
FNDA:0,(anonymous_14)
FNDA:0,(anonymous_15)
FNDA:0,(anonymous_16)
FNDA:0,(anonymous_17)
FNDA:0,(anonymous_18)
FNDA:0,(anonymous_19)
FNDA:0,(anonymous_20)
DA:1,8
DA:2,8
DA:3,8
DA:7,8
DA:8,0
DA:9,0
DA:12,8
DA:13,0
DA:14,0
DA:17,8
DA:18,0
DA:19,0
DA:24,8
DA:25,0
DA:26,0
DA:28,0
DA:34,8
DA:35,0
DA:36,0
DA:43,0
DA:48,8
DA:49,0
DA:50,0
DA:52,0
DA:56,8
DA:57,0
DA:58,0
DA:59,0
DA:60,0
DA:69,0
DA:76,8
DA:77,0
DA:78,0
DA:79,0
DA:80,0
DA:87,0
DA:90,8
DA:91,0
LF:38
LH:12
BRDA:9,0,0,0
BRDA:9,0,1,0
BRDA:14,1,0,0
BRDA:14,1,1,0
BRDA:14,2,0,0
BRDA:14,2,1,0
BRDA:19,3,0,0
BRDA:19,3,1,0
BRDA:19,4,0,0
BRDA:19,4,1,0
BRDA:26,5,0,0
BRDA:26,5,1,0
BRDA:26,6,0,0
BRDA:26,6,1,0
BRDA:36,7,0,0
BRDA:36,7,1,0
BRDA:36,8,0,0
BRDA:36,8,1,0
BRDA:36,8,2,0
BRDA:50,9,0,0
BRDA:50,9,1,0
BRDA:58,10,0,0
BRDA:78,11,0,0
BRF:23
BRH:0
end_of_record
TN:
SF:src/commands/commit.ts
FN:5,(anonymous_0)
FNF:1
FNH:0
FNDA:0,(anonymous_0)
DA:1,8
DA:2,8
DA:5,8
DA:6,0
DA:7,0
DA:10,0
LF:6
LH:3
BRDA:7,0,0,0
BRF:1
BRH:0
end_of_record
TN:
SF:src/commands/config.ts
FN:3,(anonymous_0)
FNF:1
FNH:1
FNDA:13,(anonymous_0)
DA:3,8
DA:4,13
LF:2
LH:2
BRF:0
BRH:0
end_of_record
TN:
SF:src/commands/convert.ts
FN:6,(anonymous_0)
FN:7,(anonymous_1)
FN:14,(anonymous_2)
FN:15,(anonymous_3)
FN:22,(anonymous_4)
FN:23,(anonymous_5)
FN:30,(anonymous_6)
FN:31,(anonymous_7)
FN:38,(anonymous_8)
FN:39,(anonymous_9)
FN:66,(anonymous_10)
FN:67,(anonymous_11)
FNF:12
FNH:0
FNDA:0,(anonymous_0)
FNDA:0,(anonymous_1)
FNDA:0,(anonymous_2)
FNDA:0,(anonymous_3)
FNDA:0,(anonymous_4)
FNDA:0,(anonymous_5)
FNDA:0,(anonymous_6)
FNDA:0,(anonymous_7)
FNDA:0,(anonymous_8)
FNDA:0,(anonymous_9)
FNDA:0,(anonymous_10)
FNDA:0,(anonymous_11)
DA:1,8
DA:2,8
DA:6,8
DA:7,0
DA:14,8
DA:15,0
DA:22,8
DA:23,0
DA:30,8
DA:31,0
DA:38,8
DA:39,0
DA:41,0
DA:45,0
DA:46,0
DA:47,0
DA:48,0
DA:50,0
DA:51,0
DA:52,0
DA:54,0
DA:55,0
DA:56,0
DA:60,0
DA:61,0
DA:62,0
DA:65,8
DA:66,8
DA:67,0
DA:68,0
DA:69,0
DA:72,0
LF:32
LH:9
BRDA:6,0,0,0
BRDA:9,1,0,0
BRDA:9,1,1,0
BRDA:10,2,0,0
BRDA:10,2,1,0
BRDA:14,3,0,0
BRDA:17,4,0,0
BRDA:17,4,1,0
BRDA:18,5,0,0
BRDA:18,5,1,0
BRDA:22,6,0,0
BRDA:25,7,0,0
BRDA:25,7,1,0
BRDA:26,8,0,0
BRDA:26,8,1,0
BRDA:30,9,0,0
BRDA:33,10,0,0
BRDA:33,10,1,0
BRDA:34,11,0,0
BRDA:34,11,1,0
BRDA:38,12,0,0
BRDA:46,13,0,0
BRDA:46,13,1,0
BRDA:50,14,0,0
BRDA:50,15,0,0
BRDA:50,15,1,0
BRDA:54,16,0,0
BRDA:54,16,1,0
BRDA:68,17,0,0
BRDA:68,18,0,0
BRDA:68,18,1,0
BRF:31
BRH:0
end_of_record
TN:
SF:src/commands/cutPeat.ts
FN:6,(anonymous_0)
FN:7,(anonymous_1)
FNF:2
FNH:0
FNDA:0,(anonymous_0)
FNDA:0,(anonymous_1)
DA:1,8
DA:2,8
DA:3,8
DA:5,8
DA:6,8
DA:7,0
DA:8,0
DA:10,0
DA:11,0
DA:12,0
DA:13,0
DA:14,0
DA:15,0
DA:17,0
DA:19,0
LF:15
LH:5
BRDA:10,0,0,0
BRDA:11,1,0,0
BRDA:13,2,0,0
BRDA:15,3,0,0
BRDA:22,4,0,0
BRDA:22,4,1,0
BRDA:22,5,0,0
BRDA:22,5,1,0
BRDA:31,6,0,0
BRDA:31,6,1,0
BRDA:32,7,0,0
BRDA:32,7,1,0
BRF:12
BRH:0
end_of_record
TN:
SF:src/commands/fellTrees.ts
FN:6,(anonymous_0)
FN:7,(anonymous_1)
FNF:2
FNH:0
FNDA:0,(anonymous_0)
FNDA:0,(anonymous_1)
DA:1,8
DA:2,8
DA:3,8
DA:5,8
DA:6,8
DA:7,0
DA:8,0
DA:10,0
DA:11,0
DA:12,0
DA:13,0
DA:14,0
DA:15,0
DA:17,0
DA:19,0
LF:15
LH:5
BRDA:10,0,0,0
BRDA:11,1,0,0
BRDA:13,2,0,0
BRDA:15,3,0,0
BRDA:22,4,0,0
BRDA:22,4,1,0
BRDA:22,5,0,0
BRDA:22,5,1,0
BRDA:31,6,0,0
BRDA:31,6,1,0
BRDA:32,7,0,0
BRDA:32,7,1,0
BRF:12
BRH:0
end_of_record
TN:
SF:src/commands/start.ts
FN:18,(anonymous_1)
FN:61,(anonymous_2)
FNF:2
FNH:2
FNDA:13,(anonymous_1)
FNDA:37,(anonymous_2)
DA:1,8
DA:2,8
DA:3,8
DA:4,8
DA:5,8
DA:6,8
DA:7,8
DA:8,8
DA:18,8
DA:22,13
DA:23,13
DA:24,13
DA:25,13
DA:27,13
DA:28,13
DA:29,13
DA:30,13
DA:32,13
DA:61,37
DA:69,13
DA:101,13
LF:21
LH:21
BRDA:22,0,0,0
BRDA:23,1,0,0
BRDA:24,2,0,0
BRDA:25,3,0,0
BRF:4
BRH:0
end_of_record
TN:
SF:src/commands/use.ts
FN:9,(anonymous_0)
FN:12,(anonymous_1)
FN:13,(anonymous_2)
FN:24,(anonymous_3)
FN:25,(anonymous_4)
FN:49,(anonymous_5)
FN:53,(anonymous_6)
FN:80,(anonymous_7)
FN:82,(anonymous_8)
FN:85,(anonymous_9)
FN:85,(anonymous_10)
FNF:11
FNH:8
FNDA:2,(anonymous_0)
FNDA:4,(anonymous_1)
FNDA:20,(anonymous_2)
FNDA:2,(anonymous_3)
FNDA:2,(anonymous_4)
FNDA:6,(anonymous_5)
FNDA:2,(anonymous_6)
FNDA:2,(anonymous_7)
FNDA:0,(anonymous_8)
FNDA:0,(anonymous_9)
FNDA:0,(anonymous_10)
DA:1,8
DA:2,8
DA:3,8
DA:4,8
DA:5,8
DA:6,8
DA:7,8
DA:9,8
DA:12,2
DA:13,4
DA:14,20
DA:15,2
DA:16,2
DA:20,2
DA:23,8
DA:24,8
DA:25,2
DA:26,2
DA:27,2
DA:28,2
DA:29,2
DA:30,2
DA:32,2
DA:33,2
DA:34,2
DA:35,2
DA:36,2
DA:38,2
DA:49,6
DA:53,8
DA:54,2
DA:80,2
DA:83,0
DA:85,0
DA:86,0
LF:35
LH:32
BRDA:14,0,0,2
BRDA:26,1,0,0
BRDA:29,2,0,0
BRDA:29,3,0,2
BRDA:29,3,1,2
BRDA:34,4,0,0
BRDA:34,5,0,2
BRDA:34,5,1,0
BRDA:35,6,0,0
BRDA:35,6,1,2
BRDA:36,7,0,0
BRF:11
BRH:5
end_of_record
